  BookshopMain.cpp
C:\Program Files (x86)\Microsoft Visual Studio\2019\Community\VC\Tools\MSVC\14.29.30133\include\limits.h(70,5): warning C4668: '__STDC_WANT_SECURE_LIB__' is not defined as a preprocessor macro, replacing with '0' for '#if/#elif'
C:\Program Files (x86)\Windows Kits\10\Include\10.0.18362.0\ucrt\time.h(36,1): warning C4820: '_timespec64': '4' bytes padding added after data member '_timespec64::tv_nsec'
C:\Program Files (x86)\Windows Kits\10\Include\10.0.18362.0\ucrt\time.h(43,5): warning C4820: 'timespec': '4' bytes padding added after data member 'timespec::tv_nsec'
D:\FTMK\SEM 3\BITU2913 WORKSHOP I\connector8.0\include\mysql\jdbc.h(31,10): warning C4464: relative include path contains '..'
D:\FTMK\SEM 3\BITU2913 WORKSHOP I\connector8.0\include\jdbc\cppconn\exception.h(115,3): warning C5040: dynamic exception specifications are valid only in C++14 and earlier; treating as noexcept(false)
D:\FTMK\SEM 3\BITU2913 WORKSHOP I\connector8.0\include\jdbc\cppconn\exception.h(116,1): warning C4820: 'sql::SQLException': '4' bytes padding added after data member 'sql::SQLException::errNo'
D:\FTMK\SEM 3\BITU2913 WORKSHOP I\connector8.0\include\jdbc\cppconn\exception.h(116,1): warning C4626: 'sql::SQLException': assignment operator was implicitly defined as deleted
D:\FTMK\SEM 3\BITU2913 WORKSHOP I\connector8.0\include\jdbc\cppconn\exception.h(122,1): warning C4626: 'sql::MethodNotImplementedException': assignment operator was implicitly defined as deleted
D:\FTMK\SEM 3\BITU2913 WORKSHOP I\connector8.0\include\jdbc\cppconn\exception.h(128,1): warning C4626: 'sql::InvalidArgumentException': assignment operator was implicitly defined as deleted
D:\FTMK\SEM 3\BITU2913 WORKSHOP I\connector8.0\include\jdbc\cppconn\exception.h(134,1): warning C4626: 'sql::InvalidInstanceException': assignment operator was implicitly defined as deleted
D:\FTMK\SEM 3\BITU2913 WORKSHOP I\connector8.0\include\jdbc\cppconn\exception.h(141,1): warning C4626: 'sql::NonScrollableException': assignment operator was implicitly defined as deleted
D:\FTMK\SEM 3\BITU2913 WORKSHOP I\connector8.0\include\jdbc\cppconn\exception.h(163,1): warning C4626: 'sql::SQLUnsupportedOptionException': assignment operator was implicitly defined as deleted
C:\Program Files (x86)\Windows Kits\10\Include\10.0.18362.0\shared\ntverp.h(119,5): warning C4668: 'DBG' is not defined as a preprocessor macro, replacing with '0' for '#if/#elif'
C:\Program Files (x86)\Windows Kits\10\Include\10.0.18362.0\shared\ntverp.h(126,5): warning C4668: 'BETA' is not defined as a preprocessor macro, replacing with '0' for '#if/#elif'
C:\Program Files (x86)\Windows Kits\10\Include\10.0.18362.0\shared\ntverp.h(132,5): warning C4668: 'OFFICIAL_BUILD' is not defined as a preprocessor macro, replacing with '0' for '#if/#elif'
D:\FTMK\SEM 3\BITU2913 WORKSHOP I\connector8.0\include\boost\smart_ptr\detail\spinlock_std_atomic.hpp(77,1): warning C4625: 'boost::detail::spinlock': copy constructor was implicitly defined as deleted
D:\FTMK\SEM 3\BITU2913 WORKSHOP I\connector8.0\include\boost\smart_ptr\detail\spinlock_std_atomic.hpp(77,1): warning C5026: 'boost::detail::spinlock': move constructor was implicitly defined as deleted
D:\FTMK\SEM 3\BITU2913 WORKSHOP I\connector8.0\include\boost\smart_ptr\detail\spinlock_std_atomic.hpp(77,1): warning C4626: 'boost::detail::spinlock': assignment operator was implicitly defined as deleted
D:\FTMK\SEM 3\BITU2913 WORKSHOP I\connector8.0\include\boost\smart_ptr\detail\spinlock_std_atomic.hpp(77,1): warning C5027: 'boost::detail::spinlock': move assignment operator was implicitly defined as deleted
D:\FTMK\SEM 3\BITU2913 WORKSHOP I\connector8.0\include\boost\smart_ptr\shared_ptr.hpp(833,5): warning C4668: '__GNUC__' is not defined as a preprocessor macro, replacing with '0' for '#if/#elif'
D:\FTMK\SEM 3\BITU2913 WORKSHOP I\connector8.0\include\boost\smart_ptr\detail\local_counted_base.hpp(90,1): warning C4820: 'boost::detail::local_counted_base': '4' bytes padding added after data member 'boost::detail::local_counted_base::local_use_count_'
D:\FTMK\SEM 3\BITU2913 WORKSHOP I\connector8.0\include\boost\smart_ptr\detail\local_counted_base.hpp(125,1): warning C4626: 'boost::detail::local_counted_impl': assignment operator was implicitly defined as deleted
D:\FTMK\SEM 3\BITU2913 WORKSHOP I\connector8.0\include\boost\smart_ptr\detail\local_counted_base.hpp(142,1): warning C4626: 'boost::detail::local_counted_impl_em': assignment operator was implicitly defined as deleted
D:\FTMK\SEM 3\BITU2913 WORKSHOP I\connector8.0\include\boost\smart_ptr\detail\local_counted_base.hpp(142,1): warning C5027: 'boost::detail::local_counted_impl_em': move assignment operator was implicitly defined as deleted
D:\FTMK\SEM 3\BITU2913 WORKSHOP I\connector8.0\include\mysql\jdbc.h(32,10): warning C4464: relative include path contains '..'
D:\FTMK\SEM 3\BITU2913 WORKSHOP I\connector8.0\include\mysql\jdbc.h(33,10): warning C4464: relative include path contains '..'
D:\FTMK\SEM 3\BITU2913 WORKSHOP I\connector8.0\include\mysql\jdbc.h(34,10): warning C4464: relative include path contains '..'
D:\FTMK\SEM 3\BITU2913 WORKSHOP I\connector8.0\include\mysql\jdbc.h(35,10): warning C4464: relative include path contains '..'
D:\FTMK\SEM 3\BITU2913 WORKSHOP I\connector8.0\include\mysql\jdbc.h(36,10): warning C4464: relative include path contains '..'
D:\FTMK\SEM 3\BITU2913 WORKSHOP I\connector8.0\include\mysql\jdbc.h(37,10): warning C4464: relative include path contains '..'
D:\FTMK\SEM 3\BITU2913 WORKSHOP I\connector8.0\include\mysql\jdbc.h(38,10): warning C4464: relative include path contains '..'
D:\FTMK\SEM 3\BITU2913 WORKSHOP I\connector8.0\include\mysql\jdbc.h(39,10): warning C4464: relative include path contains '..'
D:\FTMK\SEM 3\BITU2913 WORKSHOP I\connector8.0\include\mysql\jdbc.h(40,10): warning C4464: relative include path contains '..'
D:\FTMK\SEM 3\BITU2913 WORKSHOP I\connector8.0\include\mysql\jdbc.h(41,10): warning C4464: relative include path contains '..'
D:\FTMK\SEM 3\BITU2913 WORKSHOP I\connector8.0\include\mysql\jdbc.h(42,10): warning C4464: relative include path contains '..'
D:\FTMK\SEM 3\BITU2913 WORKSHOP I\connector8.0\include\mysql\jdbc.h(43,10): warning C4464: relative include path contains '..'
D:\FTMK\SEM 3\BITU2913 WORKSHOP I\connector8.0\include\mysql\jdbc.h(44,10): warning C4464: relative include path contains '..'
D:\FTMK\SEM 3\BITU2913 WORKSHOP I\connector8.0\include\mysql\jdbc.h(45,10): warning C4464: relative include path contains '..'
D:\FTMK\SEM 3\BITU2913 WORKSHOP I\connector8.0\include\mysql\jdbc.h(46,10): warning C4464: relative include path contains '..'
D:\FTMK\SEM 3\BITU2913 WORKSHOP I\connector8.0\include\mysql\jdbc.h(47,10): warning C4464: relative include path contains '..'
D:\FTMK\SEM 3\BITU2913 WORKSHOP I\connector8.0\include\mysql\jdbc.h(48,10): warning C4464: relative include path contains '..'
D:\FTMK\SEM 3\BITU2913 WORKSHOP I\connector8.0\include\mysql\jdbc.h(49,10): warning C4464: relative include path contains '..'
D:\FTMK\SEM 3\BITU2913 WORKSHOP I\connector8.0\include\mysql\jdbc.h(31,10): warning C4464: relative include path contains '..'
D:\FTMK\SEM 3\BITU2913 WORKSHOP I\connector8.0\include\mysql\jdbc.h(32,10): warning C4464: relative include path contains '..'
D:\FTMK\SEM 3\BITU2913 WORKSHOP I\connector8.0\include\mysql\jdbc.h(33,10): warning C4464: relative include path contains '..'
D:\FTMK\SEM 3\BITU2913 WORKSHOP I\connector8.0\include\mysql\jdbc.h(34,10): warning C4464: relative include path contains '..'
D:\FTMK\SEM 3\BITU2913 WORKSHOP I\connector8.0\include\mysql\jdbc.h(35,10): warning C4464: relative include path contains '..'
D:\FTMK\SEM 3\BITU2913 WORKSHOP I\connector8.0\include\mysql\jdbc.h(36,10): warning C4464: relative include path contains '..'
D:\FTMK\SEM 3\BITU2913 WORKSHOP I\connector8.0\include\mysql\jdbc.h(37,10): warning C4464: relative include path contains '..'
D:\FTMK\SEM 3\BITU2913 WORKSHOP I\connector8.0\include\mysql\jdbc.h(38,10): warning C4464: relative include path contains '..'
D:\FTMK\SEM 3\BITU2913 WORKSHOP I\connector8.0\include\mysql\jdbc.h(39,10): warning C4464: relative include path contains '..'
D:\FTMK\SEM 3\BITU2913 WORKSHOP I\connector8.0\include\mysql\jdbc.h(40,10): warning C4464: relative include path contains '..'
D:\FTMK\SEM 3\BITU2913 WORKSHOP I\connector8.0\include\mysql\jdbc.h(41,10): warning C4464: relative include path contains '..'
D:\FTMK\SEM 3\BITU2913 WORKSHOP I\connector8.0\include\mysql\jdbc.h(42,10): warning C4464: relative include path contains '..'
D:\FTMK\SEM 3\BITU2913 WORKSHOP I\connector8.0\include\mysql\jdbc.h(43,10): warning C4464: relative include path contains '..'
D:\FTMK\SEM 3\BITU2913 WORKSHOP I\connector8.0\include\mysql\jdbc.h(44,10): warning C4464: relative include path contains '..'
D:\FTMK\SEM 3\BITU2913 WORKSHOP I\connector8.0\include\mysql\jdbc.h(45,10): warning C4464: relative include path contains '..'
D:\FTMK\SEM 3\BITU2913 WORKSHOP I\connector8.0\include\mysql\jdbc.h(46,10): warning C4464: relative include path contains '..'
D:\FTMK\SEM 3\BITU2913 WORKSHOP I\connector8.0\include\mysql\jdbc.h(47,10): warning C4464: relative include path contains '..'
D:\FTMK\SEM 3\BITU2913 WORKSHOP I\connector8.0\include\mysql\jdbc.h(48,10): warning C4464: relative include path contains '..'
D:\FTMK\SEM 3\BITU2913 WORKSHOP I\connector8.0\include\mysql\jdbc.h(49,10): warning C4464: relative include path contains '..'
D:\FTMK\SEM 3\BITU2913 WORKSHOP I\connector8.0\include\mysql\jdbc.h(31,10): warning C4464: relative include path contains '..'
D:\FTMK\SEM 3\BITU2913 WORKSHOP I\connector8.0\include\mysql\jdbc.h(32,10): warning C4464: relative include path contains '..'
D:\FTMK\SEM 3\BITU2913 WORKSHOP I\connector8.0\include\mysql\jdbc.h(33,10): warning C4464: relative include path contains '..'
D:\FTMK\SEM 3\BITU2913 WORKSHOP I\connector8.0\include\mysql\jdbc.h(34,10): warning C4464: relative include path contains '..'
D:\FTMK\SEM 3\BITU2913 WORKSHOP I\connector8.0\include\mysql\jdbc.h(35,10): warning C4464: relative include path contains '..'
D:\FTMK\SEM 3\BITU2913 WORKSHOP I\connector8.0\include\mysql\jdbc.h(36,10): warning C4464: relative include path contains '..'
D:\FTMK\SEM 3\BITU2913 WORKSHOP I\connector8.0\include\mysql\jdbc.h(37,10): warning C4464: relative include path contains '..'
D:\FTMK\SEM 3\BITU2913 WORKSHOP I\connector8.0\include\mysql\jdbc.h(38,10): warning C4464: relative include path contains '..'
D:\FTMK\SEM 3\BITU2913 WORKSHOP I\connector8.0\include\mysql\jdbc.h(39,10): warning C4464: relative include path contains '..'
D:\FTMK\SEM 3\BITU2913 WORKSHOP I\connector8.0\include\mysql\jdbc.h(40,10): warning C4464: relative include path contains '..'
D:\FTMK\SEM 3\BITU2913 WORKSHOP I\connector8.0\include\mysql\jdbc.h(41,10): warning C4464: relative include path contains '..'
D:\FTMK\SEM 3\BITU2913 WORKSHOP I\connector8.0\include\mysql\jdbc.h(42,10): warning C4464: relative include path contains '..'
D:\FTMK\SEM 3\BITU2913 WORKSHOP I\connector8.0\include\mysql\jdbc.h(43,10): warning C4464: relative include path contains '..'
D:\FTMK\SEM 3\BITU2913 WORKSHOP I\connector8.0\include\mysql\jdbc.h(44,10): warning C4464: relative include path contains '..'
D:\FTMK\SEM 3\BITU2913 WORKSHOP I\connector8.0\include\mysql\jdbc.h(45,10): warning C4464: relative include path contains '..'
D:\FTMK\SEM 3\BITU2913 WORKSHOP I\connector8.0\include\mysql\jdbc.h(46,10): warning C4464: relative include path contains '..'
D:\FTMK\SEM 3\BITU2913 WORKSHOP I\connector8.0\include\mysql\jdbc.h(47,10): warning C4464: relative include path contains '..'
D:\FTMK\SEM 3\BITU2913 WORKSHOP I\connector8.0\include\mysql\jdbc.h(48,10): warning C4464: relative include path contains '..'
D:\FTMK\SEM 3\BITU2913 WORKSHOP I\connector8.0\include\mysql\jdbc.h(49,10): warning C4464: relative include path contains '..'
D:\FTMK\SEM 3\BITU2913 WORKSHOP I\connector8.0\include\mysql\jdbc.h(31,10): warning C4464: relative include path contains '..'
D:\FTMK\SEM 3\BITU2913 WORKSHOP I\connector8.0\include\mysql\jdbc.h(32,10): warning C4464: relative include path contains '..'
D:\FTMK\SEM 3\BITU2913 WORKSHOP I\connector8.0\include\mysql\jdbc.h(33,10): warning C4464: relative include path contains '..'
D:\FTMK\SEM 3\BITU2913 WORKSHOP I\connector8.0\include\mysql\jdbc.h(34,10): warning C4464: relative include path contains '..'
D:\FTMK\SEM 3\BITU2913 WORKSHOP I\connector8.0\include\mysql\jdbc.h(35,10): warning C4464: relative include path contains '..'
D:\FTMK\SEM 3\BITU2913 WORKSHOP I\connector8.0\include\mysql\jdbc.h(36,10): warning C4464: relative include path contains '..'
D:\FTMK\SEM 3\BITU2913 WORKSHOP I\connector8.0\include\mysql\jdbc.h(37,10): warning C4464: relative include path contains '..'
D:\FTMK\SEM 3\BITU2913 WORKSHOP I\connector8.0\include\mysql\jdbc.h(38,10): warning C4464: relative include path contains '..'
D:\FTMK\SEM 3\BITU2913 WORKSHOP I\connector8.0\include\mysql\jdbc.h(39,10): warning C4464: relative include path contains '..'
D:\FTMK\SEM 3\BITU2913 WORKSHOP I\connector8.0\include\mysql\jdbc.h(40,10): warning C4464: relative include path contains '..'
D:\FTMK\SEM 3\BITU2913 WORKSHOP I\connector8.0\include\mysql\jdbc.h(41,10): warning C4464: relative include path contains '..'
D:\FTMK\SEM 3\BITU2913 WORKSHOP I\connector8.0\include\mysql\jdbc.h(42,10): warning C4464: relative include path contains '..'
D:\FTMK\SEM 3\BITU2913 WORKSHOP I\connector8.0\include\mysql\jdbc.h(43,10): warning C4464: relative include path contains '..'
D:\FTMK\SEM 3\BITU2913 WORKSHOP I\connector8.0\include\mysql\jdbc.h(44,10): warning C4464: relative include path contains '..'
D:\FTMK\SEM 3\BITU2913 WORKSHOP I\connector8.0\include\mysql\jdbc.h(45,10): warning C4464: relative include path contains '..'
D:\FTMK\SEM 3\BITU2913 WORKSHOP I\connector8.0\include\mysql\jdbc.h(46,10): warning C4464: relative include path contains '..'
D:\FTMK\SEM 3\BITU2913 WORKSHOP I\connector8.0\include\mysql\jdbc.h(47,10): warning C4464: relative include path contains '..'
D:\FTMK\SEM 3\BITU2913 WORKSHOP I\connector8.0\include\mysql\jdbc.h(48,10): warning C4464: relative include path contains '..'
D:\FTMK\SEM 3\BITU2913 WORKSHOP I\connector8.0\include\mysql\jdbc.h(49,10): warning C4464: relative include path contains '..'
D:\FTMK\SEM 3\BITU2913 WORKSHOP I\Bookshop Management System\Book.h(25,17): warning C4820: 'Book': '4' bytes padding added after data member 'Book::stock'
D:\FTMK\SEM 3\BITU2913 WORKSHOP I\connector8.0\include\mysql\jdbc.h(31,10): warning C4464: relative include path contains '..'
D:\FTMK\SEM 3\BITU2913 WORKSHOP I\connector8.0\include\mysql\jdbc.h(32,10): warning C4464: relative include path contains '..'
D:\FTMK\SEM 3\BITU2913 WORKSHOP I\connector8.0\include\mysql\jdbc.h(33,10): warning C4464: relative include path contains '..'
D:\FTMK\SEM 3\BITU2913 WORKSHOP I\connector8.0\include\mysql\jdbc.h(34,10): warning C4464: relative include path contains '..'
D:\FTMK\SEM 3\BITU2913 WORKSHOP I\connector8.0\include\mysql\jdbc.h(35,10): warning C4464: relative include path contains '..'
D:\FTMK\SEM 3\BITU2913 WORKSHOP I\connector8.0\include\mysql\jdbc.h(36,10): warning C4464: relative include path contains '..'
D:\FTMK\SEM 3\BITU2913 WORKSHOP I\connector8.0\include\mysql\jdbc.h(37,10): warning C4464: relative include path contains '..'
D:\FTMK\SEM 3\BITU2913 WORKSHOP I\connector8.0\include\mysql\jdbc.h(38,10): warning C4464: relative include path contains '..'
D:\FTMK\SEM 3\BITU2913 WORKSHOP I\connector8.0\include\mysql\jdbc.h(39,10): warning C4464: relative include path contains '..'
D:\FTMK\SEM 3\BITU2913 WORKSHOP I\connector8.0\include\mysql\jdbc.h(40,10): warning C4464: relative include path contains '..'
D:\FTMK\SEM 3\BITU2913 WORKSHOP I\connector8.0\include\mysql\jdbc.h(41,10): warning C4464: relative include path contains '..'
D:\FTMK\SEM 3\BITU2913 WORKSHOP I\connector8.0\include\mysql\jdbc.h(42,10): warning C4464: relative include path contains '..'
D:\FTMK\SEM 3\BITU2913 WORKSHOP I\connector8.0\include\mysql\jdbc.h(43,10): warning C4464: relative include path contains '..'
D:\FTMK\SEM 3\BITU2913 WORKSHOP I\connector8.0\include\mysql\jdbc.h(44,10): warning C4464: relative include path contains '..'
D:\FTMK\SEM 3\BITU2913 WORKSHOP I\connector8.0\include\mysql\jdbc.h(45,10): warning C4464: relative include path contains '..'
D:\FTMK\SEM 3\BITU2913 WORKSHOP I\connector8.0\include\mysql\jdbc.h(46,10): warning C4464: relative include path contains '..'
D:\FTMK\SEM 3\BITU2913 WORKSHOP I\connector8.0\include\mysql\jdbc.h(47,10): warning C4464: relative include path contains '..'
D:\FTMK\SEM 3\BITU2913 WORKSHOP I\connector8.0\include\mysql\jdbc.h(48,10): warning C4464: relative include path contains '..'
D:\FTMK\SEM 3\BITU2913 WORKSHOP I\connector8.0\include\mysql\jdbc.h(49,10): warning C4464: relative include path contains '..'
D:\FTMK\SEM 3\BITU2913 WORKSHOP I\connector8.0\include\mysql\jdbc.h(31,10): warning C4464: relative include path contains '..'
D:\FTMK\SEM 3\BITU2913 WORKSHOP I\connector8.0\include\mysql\jdbc.h(32,10): warning C4464: relative include path contains '..'
D:\FTMK\SEM 3\BITU2913 WORKSHOP I\connector8.0\include\mysql\jdbc.h(33,10): warning C4464: relative include path contains '..'
D:\FTMK\SEM 3\BITU2913 WORKSHOP I\connector8.0\include\mysql\jdbc.h(34,10): warning C4464: relative include path contains '..'
D:\FTMK\SEM 3\BITU2913 WORKSHOP I\connector8.0\include\mysql\jdbc.h(35,10): warning C4464: relative include path contains '..'
D:\FTMK\SEM 3\BITU2913 WORKSHOP I\connector8.0\include\mysql\jdbc.h(36,10): warning C4464: relative include path contains '..'
D:\FTMK\SEM 3\BITU2913 WORKSHOP I\connector8.0\include\mysql\jdbc.h(37,10): warning C4464: relative include path contains '..'
D:\FTMK\SEM 3\BITU2913 WORKSHOP I\connector8.0\include\mysql\jdbc.h(38,10): warning C4464: relative include path contains '..'
D:\FTMK\SEM 3\BITU2913 WORKSHOP I\connector8.0\include\mysql\jdbc.h(39,10): warning C4464: relative include path contains '..'
D:\FTMK\SEM 3\BITU2913 WORKSHOP I\connector8.0\include\mysql\jdbc.h(40,10): warning C4464: relative include path contains '..'
D:\FTMK\SEM 3\BITU2913 WORKSHOP I\connector8.0\include\mysql\jdbc.h(41,10): warning C4464: relative include path contains '..'
D:\FTMK\SEM 3\BITU2913 WORKSHOP I\connector8.0\include\mysql\jdbc.h(42,10): warning C4464: relative include path contains '..'
D:\FTMK\SEM 3\BITU2913 WORKSHOP I\connector8.0\include\mysql\jdbc.h(43,10): warning C4464: relative include path contains '..'
D:\FTMK\SEM 3\BITU2913 WORKSHOP I\connector8.0\include\mysql\jdbc.h(44,10): warning C4464: relative include path contains '..'
D:\FTMK\SEM 3\BITU2913 WORKSHOP I\connector8.0\include\mysql\jdbc.h(45,10): warning C4464: relative include path contains '..'
D:\FTMK\SEM 3\BITU2913 WORKSHOP I\connector8.0\include\mysql\jdbc.h(46,10): warning C4464: relative include path contains '..'
D:\FTMK\SEM 3\BITU2913 WORKSHOP I\connector8.0\include\mysql\jdbc.h(47,10): warning C4464: relative include path contains '..'
D:\FTMK\SEM 3\BITU2913 WORKSHOP I\connector8.0\include\mysql\jdbc.h(48,10): warning C4464: relative include path contains '..'
D:\FTMK\SEM 3\BITU2913 WORKSHOP I\connector8.0\include\mysql\jdbc.h(49,10): warning C4464: relative include path contains '..'
D:\FTMK\SEM 3\BITU2913 WORKSHOP I\Bookshop Management System\Bookshop.h(20,17): warning C4820: 'Bookshop': '4' bytes padding added after data member 'Bookshop::bookshopId'
D:\FTMK\SEM 3\BITU2913 WORKSHOP I\Bookshop Management System\BookshopUI.h(16,19): warning C4820: 'BookshopUI': '7' bytes padding added after data member 'BookshopUI::logoutStatus'
C:\Program Files (x86)\Microsoft Visual Studio\2019\Community\VC\Tools\MSVC\14.29.30133\include\algorithm(2650,1): warning C4242: '=': conversion from 'int' to 'char', possible loss of data
D:\FTMK\SEM 3\BITU2913 WORKSHOP I\connector8.0\include\jdbc\cppconn\sqlstring.h(124): message : see reference to function template instantiation '_OutIt std::transform<std::_String_iterator<std::_String_val<std::_Simple_types<_Elem>>>,std::_String_iterator<std::_String_val<std::_Simple_types<_Elem>>>,int(__cdecl *)(int)>(const _InIt,const _InIt,_OutIt,_Fn)' being compiled
          with
          [
              _OutIt=std::_String_iterator<std::_String_val<std::_Simple_types<char>>>,
              _Elem=char,
              _InIt=std::_String_iterator<std::_String_val<std::_Simple_types<char>>>,
              _Fn=int (__cdecl *)(int)
          ]
C:\Program Files (x86)\Windows Kits\10\Include\10.0.18362.0\ucrt\corecrt_math.h(320,31): warning C4514: '_fpcomp': unreferenced inline function has been removed
C:\Program Files (x86)\Windows Kits\10\Include\10.0.18362.0\ucrt\corecrt_math.h(325,31): warning C4514: '_fpcomp': unreferenced inline function has been removed
C:\Program Files (x86)\Windows Kits\10\Include\10.0.18362.0\ucrt\corecrt_math.h(330,31): warning C4514: '_fpcomp': unreferenced inline function has been removed
C:\Program Files (x86)\Windows Kits\10\Include\10.0.18362.0\ucrt\corecrt_math.h(803,51): warning C4514: 'ceill': unreferenced inline function has been removed
C:\Program Files (x86)\Windows Kits\10\Include\10.0.18362.0\ucrt\corecrt_math.h(808,51): warning C4514: '_chgsignl': unreferenced inline function has been removed
C:\Program Files (x86)\Windows Kits\10\Include\10.0.18362.0\ucrt\corecrt_math.h(815,51): warning C4514: '_copysignl': unreferenced inline function has been removed
C:\Program Files (x86)\Windows Kits\10\Include\10.0.18362.0\ucrt\corecrt_math.h(848,51): warning C4514: 'floorl': unreferenced inline function has been removed
C:\Program Files (x86)\Windows Kits\10\Include\10.0.18362.0\ucrt\corecrt_math.h(869,51): warning C4514: '_hypotl': unreferenced inline function has been removed
C:\Program Files (x86)\Windows Kits\10\Include\10.0.18362.0\ucrt\stdlib.h(359,17): warning C4514: 'abs': unreferenced inline function has been removed
C:\Program Files (x86)\Windows Kits\10\Include\10.0.18362.0\ucrt\stdlib.h(364,22): warning C4514: 'abs': unreferenced inline function has been removed
C:\Program Files (x86)\Windows Kits\10\Include\10.0.18362.0\ucrt\stdlib.h(369,19): warning C4514: 'div': unreferenced inline function has been removed
C:\Program Files (x86)\Windows Kits\10\Include\10.0.18362.0\ucrt\stdlib.h(374,20): warning C4514: 'div': unreferenced inline function has been removed
C:\Program Files (x86)\Windows Kits\10\Include\10.0.18362.0\ucrt\corecrt_memcpy_s.h(35,44): warning C4514: 'memcpy_s': unreferenced inline function has been removed
C:\Program Files (x86)\Windows Kits\10\Include\10.0.18362.0\ucrt\corecrt_memcpy_s.h(64,44): warning C4514: 'memmove_s': unreferenced inline function has been removed
C:\Program Files (x86)\Windows Kits\10\Include\10.0.18362.0\ucrt\corecrt_wstring.h(166,38): warning C4514: 'wcsnlen_s': unreferenced inline function has been removed
C:\Program Files (x86)\Windows Kits\10\Include\10.0.18362.0\ucrt\corecrt_wstring.h(247,40): warning C4514: '_wcstok': unreferenced inline function has been removed
C:\Program Files (x86)\Windows Kits\10\Include\10.0.18362.0\ucrt\corecrt_wstring.h(261,35): warning C4514: 'wcstok': unreferenced inline function has been removed
C:\Program Files (x86)\Windows Kits\10\Include\10.0.18362.0\ucrt\corecrt_wstring.h(539,31): warning C4514: 'wcschr': unreferenced inline function has been removed
C:\Program Files (x86)\Windows Kits\10\Include\10.0.18362.0\ucrt\corecrt_wstring.h(545,31): warning C4514: 'wcspbrk': unreferenced inline function has been removed
C:\Program Files (x86)\Windows Kits\10\Include\10.0.18362.0\ucrt\corecrt_wstring.h(551,31): warning C4514: 'wcsrchr': unreferenced inline function has been removed
C:\Program Files (x86)\Windows Kits\10\Include\10.0.18362.0\ucrt\corecrt_wstring.h(558,31): warning C4514: 'wcsstr': unreferenced inline function has been removed
C:\Program Files (x86)\Windows Kits\10\Include\10.0.18362.0\ucrt\string.h(371,38): warning C4514: 'strnlen_s': unreferenced inline function has been removed
C:\Program Files (x86)\Windows Kits\10\Include\10.0.18362.0\ucrt\string.h(504,28): warning C4514: 'strchr': unreferenced inline function has been removed
C:\Program Files (x86)\Windows Kits\10\Include\10.0.18362.0\ucrt\string.h(510,28): warning C4514: 'strpbrk': unreferenced inline function has been removed
C:\Program Files (x86)\Windows Kits\10\Include\10.0.18362.0\ucrt\string.h(516,28): warning C4514: 'strrchr': unreferenced inline function has been removed
C:\Program Files (x86)\Windows Kits\10\Include\10.0.18362.0\ucrt\string.h(522,28): warning C4514: 'strstr': unreferenced inline function has been removed
C:\Program Files (x86)\Windows Kits\10\Include\10.0.18362.0\ucrt\corecrt_wstdio.h(311,37): warning C4514: 'vfwprintf': unreferenced inline function has been removed
C:\Program Files (x86)\Windows Kits\10\Include\10.0.18362.0\ucrt\corecrt_wstdio.h(342,41): warning C4514: 'vfwprintf_s': unreferenced inline function has been removed
C:\Program Files (x86)\Windows Kits\10\Include\10.0.18362.0\ucrt\corecrt_wstdio.h(373,37): warning C4514: '_vfwprintf_p': unreferenced inline function has been removed
C:\Program Files (x86)\Windows Kits\10\Include\10.0.18362.0\ucrt\corecrt_wstdio.h(387,37): warning C4514: '_vwprintf_l': unreferenced inline function has been removed
C:\Program Files (x86)\Windows Kits\10\Include\10.0.18362.0\ucrt\corecrt_wstdio.h(401,37): warning C4514: 'vwprintf': unreferenced inline function has been removed
C:\Program Files (x86)\Windows Kits\10\Include\10.0.18362.0\ucrt\corecrt_wstdio.h(414,37): warning C4514: '_vwprintf_s_l': unreferenced inline function has been removed
C:\Program Files (x86)\Windows Kits\10\Include\10.0.18362.0\ucrt\corecrt_wstdio.h(430,41): warning C4514: 'vwprintf_s': unreferenced inline function has been removed
C:\Program Files (x86)\Windows Kits\10\Include\10.0.18362.0\ucrt\corecrt_wstdio.h(445,37): warning C4514: '_vwprintf_p_l': unreferenced inline function has been removed
C:\Program Files (x86)\Windows Kits\10\Include\10.0.18362.0\ucrt\corecrt_wstdio.h(459,37): warning C4514: '_vwprintf_p': unreferenced inline function has been removed
C:\Program Files (x86)\Windows Kits\10\Include\10.0.18362.0\ucrt\corecrt_wstdio.h(472,37): warning C4514: '_fwprintf_l': unreferenced inline function has been removed
C:\Program Files (x86)\Windows Kits\10\Include\10.0.18362.0\ucrt\corecrt_wstdio.h(491,37): warning C4514: 'fwprintf': unreferenced inline function has been removed
C:\Program Files (x86)\Windows Kits\10\Include\10.0.18362.0\ucrt\corecrt_wstdio.h(509,37): warning C4514: '_fwprintf_s_l': unreferenced inline function has been removed
C:\Program Files (x86)\Windows Kits\10\Include\10.0.18362.0\ucrt\corecrt_wstdio.h(530,41): warning C4514: 'fwprintf_s': unreferenced inline function has been removed
C:\Program Files (x86)\Windows Kits\10\Include\10.0.18362.0\ucrt\corecrt_wstdio.h(550,37): warning C4514: '_fwprintf_p_l': unreferenced inline function has been removed
C:\Program Files (x86)\Windows Kits\10\Include\10.0.18362.0\ucrt\corecrt_wstdio.h(569,37): warning C4514: '_fwprintf_p': unreferenced inline function has been removed
C:\Program Files (x86)\Windows Kits\10\Include\10.0.18362.0\ucrt\corecrt_wstdio.h(587,37): warning C4514: '_wprintf_l': unreferenced inline function has been removed
C:\Program Files (x86)\Windows Kits\10\Include\10.0.18362.0\ucrt\corecrt_wstdio.h(605,37): warning C4514: 'wprintf': unreferenced inline function has been removed
C:\Program Files (x86)\Windows Kits\10\Include\10.0.18362.0\ucrt\corecrt_wstdio.h(622,37): warning C4514: '_wprintf_s_l': unreferenced inline function has been removed
C:\Program Files (x86)\Windows Kits\10\Include\10.0.18362.0\ucrt\corecrt_wstdio.h(642,41): warning C4514: 'wprintf_s': unreferenced inline function has been removed
C:\Program Files (x86)\Windows Kits\10\Include\10.0.18362.0\ucrt\corecrt_wstdio.h(661,37): warning C4514: '_wprintf_p_l': unreferenced inline function has been removed
C:\Program Files (x86)\Windows Kits\10\Include\10.0.18362.0\ucrt\corecrt_wstdio.h(679,37): warning C4514: '_wprintf_p': unreferenced inline function has been removed
C:\Program Files (x86)\Windows Kits\10\Include\10.0.18362.0\ucrt\corecrt_wstdio.h(728,37): warning C4514: 'vfwscanf': unreferenced inline function has been removed
C:\Program Files (x86)\Windows Kits\10\Include\10.0.18362.0\ucrt\corecrt_wstdio.h(761,41): warning C4514: 'vfwscanf_s': unreferenced inline function has been removed
C:\Program Files (x86)\Windows Kits\10\Include\10.0.18362.0\ucrt\corecrt_wstdio.h(776,37): warning C4514: '_vwscanf_l': unreferenced inline function has been removed
C:\Program Files (x86)\Windows Kits\10\Include\10.0.18362.0\ucrt\corecrt_wstdio.h(790,37): warning C4514: 'vwscanf': unreferenced inline function has been removed
C:\Program Files (x86)\Windows Kits\10\Include\10.0.18362.0\ucrt\corecrt_wstdio.h(803,37): warning C4514: '_vwscanf_s_l': unreferenced inline function has been removed
C:\Program Files (x86)\Windows Kits\10\Include\10.0.18362.0\ucrt\corecrt_wstdio.h(819,41): warning C4514: 'vwscanf_s': unreferenced inline function has been removed
C:\Program Files (x86)\Windows Kits\10\Include\10.0.18362.0\ucrt\corecrt_wstdio.h(834,37): warning C4514: '_fwscanf_l': unreferenced inline function has been removed
C:\Program Files (x86)\Windows Kits\10\Include\10.0.18362.0\ucrt\corecrt_wstdio.h(853,37): warning C4514: 'fwscanf': unreferenced inline function has been removed
C:\Program Files (x86)\Windows Kits\10\Include\10.0.18362.0\ucrt\corecrt_wstdio.h(871,37): warning C4514: '_fwscanf_s_l': unreferenced inline function has been removed
C:\Program Files (x86)\Windows Kits\10\Include\10.0.18362.0\ucrt\corecrt_wstdio.h(892,41): warning C4514: 'fwscanf_s': unreferenced inline function has been removed
C:\Program Files (x86)\Windows Kits\10\Include\10.0.18362.0\ucrt\corecrt_wstdio.h(912,37): warning C4514: '_wscanf_l': unreferenced inline function has been removed
C:\Program Files (x86)\Windows Kits\10\Include\10.0.18362.0\ucrt\corecrt_wstdio.h(930,37): warning C4514: 'wscanf': unreferenced inline function has been removed
C:\Program Files (x86)\Windows Kits\10\Include\10.0.18362.0\ucrt\corecrt_wstdio.h(947,37): warning C4514: '_wscanf_s_l': unreferenced inline function has been removed
C:\Program Files (x86)\Windows Kits\10\Include\10.0.18362.0\ucrt\corecrt_wstdio.h(967,41): warning C4514: 'wscanf_s': unreferenced inline function has been removed
C:\Program Files (x86)\Windows Kits\10\Include\10.0.18362.0\ucrt\corecrt_wstdio.h(1094,37): warning C4514: '_vsnwprintf_s': unreferenced inline function has been removed
C:\Program Files (x86)\Windows Kits\10\Include\10.0.18362.0\ucrt\corecrt_wstdio.h(1122,37): warning C4514: '_vsnwprintf': unreferenced inline function has been removed
C:\Program Files (x86)\Windows Kits\10\Include\10.0.18362.0\ucrt\corecrt_wstdio.h(1171,37): warning C4514: '_vswprintf_c': unreferenced inline function has been removed
C:\Program Files (x86)\Windows Kits\10\Include\10.0.18362.0\ucrt\corecrt_wstdio.h(1223,37): warning C4514: '_vswprintf': unreferenced inline function has been removed
C:\Program Files (x86)\Windows Kits\10\Include\10.0.18362.0\ucrt\corecrt_wstdio.h(1276,41): warning C4514: 'vswprintf_s': unreferenced inline function has been removed
C:\Program Files (x86)\Windows Kits\10\Include\10.0.18362.0\ucrt\corecrt_wstdio.h(1323,37): warning C4514: '_vswprintf_p': unreferenced inline function has been removed
C:\Program Files (x86)\Windows Kits\10\Include\10.0.18362.0\ucrt\corecrt_wstdio.h(1358,37): warning C4514: '_vscwprintf': unreferenced inline function has been removed
C:\Program Files (x86)\Windows Kits\10\Include\10.0.18362.0\ucrt\corecrt_wstdio.h(1391,37): warning C4514: '_vscwprintf_p': unreferenced inline function has been removed
C:\Program Files (x86)\Windows Kits\10\Include\10.0.18362.0\ucrt\corecrt_wstdio.h(1405,37): warning C4514: '__swprintf_l': unreferenced inline function has been removed
C:\Program Files (x86)\Windows Kits\10\Include\10.0.18362.0\ucrt\corecrt_wstdio.h(1425,37): warning C4514: '_swprintf_l': unreferenced inline function has been removed
C:\Program Files (x86)\Windows Kits\10\Include\10.0.18362.0\ucrt\corecrt_wstdio.h(1446,37): warning C4514: '_swprintf': unreferenced inline function has been removed
C:\Program Files (x86)\Windows Kits\10\Include\10.0.18362.0\ucrt\corecrt_wstdio.h(1465,37): warning C4514: 'swprintf': unreferenced inline function has been removed
C:\Program Files (x86)\Windows Kits\10\Include\10.0.18362.0\ucrt\corecrt_wstdio.h(1508,37): warning C4514: '_swprintf_s_l': unreferenced inline function has been removed
C:\Program Files (x86)\Windows Kits\10\Include\10.0.18362.0\ucrt\corecrt_wstdio.h(1530,41): warning C4710: 'int swprintf_s(wchar_t *const ,const size_t,const wchar_t *const ,...)': function not inlined
C:\Program Files (x86)\Windows Kits\10\Include\10.0.18362.0\ucrt\corecrt_wstdio.h(1530): message : see declaration of 'swprintf_s'
C:\Program Files (x86)\Windows Kits\10\Include\10.0.18362.0\ucrt\corecrt_wstdio.h(1559,37): warning C4514: '_swprintf_p_l': unreferenced inline function has been removed
C:\Program Files (x86)\Windows Kits\10\Include\10.0.18362.0\ucrt\corecrt_wstdio.h(1580,37): warning C4514: '_swprintf_p': unreferenced inline function has been removed
C:\Program Files (x86)\Windows Kits\10\Include\10.0.18362.0\ucrt\corecrt_wstdio.h(1600,37): warning C4514: '_swprintf_c_l': unreferenced inline function has been removed
C:\Program Files (x86)\Windows Kits\10\Include\10.0.18362.0\ucrt\corecrt_wstdio.h(1621,37): warning C4514: '_swprintf_c': unreferenced inline function has been removed
C:\Program Files (x86)\Windows Kits\10\Include\10.0.18362.0\ucrt\corecrt_wstdio.h(1641,37): warning C4514: '_snwprintf_l': unreferenced inline function has been removed
C:\Program Files (x86)\Windows Kits\10\Include\10.0.18362.0\ucrt\corecrt_wstdio.h(1667,37): warning C4514: '_snwprintf': unreferenced inline function has been removed
C:\Program Files (x86)\Windows Kits\10\Include\10.0.18362.0\ucrt\corecrt_wstdio.h(1692,37): warning C4514: '_snwprintf_s_l': unreferenced inline function has been removed
C:\Program Files (x86)\Windows Kits\10\Include\10.0.18362.0\ucrt\corecrt_wstdio.h(1714,37): warning C4514: '_snwprintf_s': unreferenced inline function has been removed
C:\Program Files (x86)\Windows Kits\10\Include\10.0.18362.0\ucrt\corecrt_wstdio.h(1742,37): warning C4514: '_scwprintf_l': unreferenced inline function has been removed
C:\Program Files (x86)\Windows Kits\10\Include\10.0.18362.0\ucrt\corecrt_wstdio.h(1761,37): warning C4710: 'int _scwprintf(const wchar_t *const ,...)': function not inlined
C:\Program Files (x86)\Windows Kits\10\Include\10.0.18362.0\ucrt\corecrt_wstdio.h(1761): message : see declaration of '_scwprintf'
C:\Program Files (x86)\Windows Kits\10\Include\10.0.18362.0\ucrt\corecrt_wstdio.h(1779,37): warning C4514: '_scwprintf_p_l': unreferenced inline function has been removed
C:\Program Files (x86)\Windows Kits\10\Include\10.0.18362.0\ucrt\corecrt_wstdio.h(1798,37): warning C4514: '_scwprintf_p': unreferenced inline function has been removed
C:\Program Files (x86)\Windows Kits\10\Include\10.0.18362.0\ucrt\corecrt_wstdio.h(1822,24): warning C4514: 'swprintf': unreferenced inline function has been removed
C:\Program Files (x86)\Windows Kits\10\Include\10.0.18362.0\ucrt\corecrt_wstdio.h(1837,34): warning C4514: 'vswprintf': unreferenced inline function has been removed
C:\Program Files (x86)\Windows Kits\10\Include\10.0.18362.0\ucrt\corecrt_wstdio.h(1848,24): warning C4514: '_swprintf_l': unreferenced inline function has been removed
C:\Program Files (x86)\Windows Kits\10\Include\10.0.18362.0\ucrt\corecrt_wstdio.h(1863,34): warning C4514: '_vswprintf_l': unreferenced inline function has been removed
C:\Program Files (x86)\Windows Kits\10\Include\10.0.18362.0\ucrt\corecrt_wstdio.h(1921,37): warning C4514: 'vswscanf': unreferenced inline function has been removed
C:\Program Files (x86)\Windows Kits\10\Include\10.0.18362.0\ucrt\corecrt_wstdio.h(1956,41): warning C4514: 'vswscanf_s': unreferenced inline function has been removed
C:\Program Files (x86)\Windows Kits\10\Include\10.0.18362.0\ucrt\corecrt_wstdio.h(2019,37): warning C4514: '_swscanf_l': unreferenced inline function has been removed
C:\Program Files (x86)\Windows Kits\10\Include\10.0.18362.0\ucrt\corecrt_wstdio.h(2039,37): warning C4514: 'swscanf': unreferenced inline function has been removed
C:\Program Files (x86)\Windows Kits\10\Include\10.0.18362.0\ucrt\corecrt_wstdio.h(2058,37): warning C4514: '_swscanf_s_l': unreferenced inline function has been removed
C:\Program Files (x86)\Windows Kits\10\Include\10.0.18362.0\ucrt\corecrt_wstdio.h(2080,41): warning C4514: 'swscanf_s': unreferenced inline function has been removed
C:\Program Files (x86)\Windows Kits\10\Include\10.0.18362.0\ucrt\corecrt_wstdio.h(2101,37): warning C4514: '_snwscanf_l': unreferenced inline function has been removed
C:\Program Files (x86)\Windows Kits\10\Include\10.0.18362.0\ucrt\corecrt_wstdio.h(2127,37): warning C4514: '_snwscanf': unreferenced inline function has been removed
C:\Program Files (x86)\Windows Kits\10\Include\10.0.18362.0\ucrt\corecrt_wstdio.h(2152,37): warning C4514: '_snwscanf_s_l': unreferenced inline function has been removed
C:\Program Files (x86)\Windows Kits\10\Include\10.0.18362.0\ucrt\corecrt_wstdio.h(2173,37): warning C4514: '_snwscanf_s': unreferenced inline function has been removed
C:\Program Files (x86)\Windows Kits\10\Include\10.0.18362.0\ucrt\stdio.h(648,37): warning C4514: 'vfprintf': unreferenced inline function has been removed
C:\Program Files (x86)\Windows Kits\10\Include\10.0.18362.0\ucrt\stdio.h(679,41): warning C4514: 'vfprintf_s': unreferenced inline function has been removed
C:\Program Files (x86)\Windows Kits\10\Include\10.0.18362.0\ucrt\stdio.h(710,37): warning C4514: '_vfprintf_p': unreferenced inline function has been removed
C:\Program Files (x86)\Windows Kits\10\Include\10.0.18362.0\ucrt\stdio.h(724,37): warning C4514: '_vprintf_l': unreferenced inline function has been removed
C:\Program Files (x86)\Windows Kits\10\Include\10.0.18362.0\ucrt\stdio.h(738,37): warning C4514: 'vprintf': unreferenced inline function has been removed
C:\Program Files (x86)\Windows Kits\10\Include\10.0.18362.0\ucrt\stdio.h(751,37): warning C4514: '_vprintf_s_l': unreferenced inline function has been removed
C:\Program Files (x86)\Windows Kits\10\Include\10.0.18362.0\ucrt\stdio.h(767,41): warning C4514: 'vprintf_s': unreferenced inline function has been removed
C:\Program Files (x86)\Windows Kits\10\Include\10.0.18362.0\ucrt\stdio.h(782,37): warning C4514: '_vprintf_p_l': unreferenced inline function has been removed
C:\Program Files (x86)\Windows Kits\10\Include\10.0.18362.0\ucrt\stdio.h(796,37): warning C4514: '_vprintf_p': unreferenced inline function has been removed
C:\Program Files (x86)\Windows Kits\10\Include\10.0.18362.0\ucrt\stdio.h(809,37): warning C4514: '_fprintf_l': unreferenced inline function has been removed
C:\Program Files (x86)\Windows Kits\10\Include\10.0.18362.0\ucrt\stdio.h(828,37): warning C4514: 'fprintf': unreferenced inline function has been removed
C:\Program Files (x86)\Windows Kits\10\Include\10.0.18362.0\ucrt\stdio.h(852,37): warning C4514: '_fprintf_s_l': unreferenced inline function has been removed
C:\Program Files (x86)\Windows Kits\10\Include\10.0.18362.0\ucrt\stdio.h(873,41): warning C4514: 'fprintf_s': unreferenced inline function has been removed
C:\Program Files (x86)\Windows Kits\10\Include\10.0.18362.0\ucrt\stdio.h(893,37): warning C4514: '_fprintf_p_l': unreferenced inline function has been removed
C:\Program Files (x86)\Windows Kits\10\Include\10.0.18362.0\ucrt\stdio.h(912,37): warning C4514: '_fprintf_p': unreferenced inline function has been removed
C:\Program Files (x86)\Windows Kits\10\Include\10.0.18362.0\ucrt\stdio.h(930,37): warning C4514: '_printf_l': unreferenced inline function has been removed
C:\Program Files (x86)\Windows Kits\10\Include\10.0.18362.0\ucrt\stdio.h(948,37): warning C4514: 'printf': unreferenced inline function has been removed
C:\Program Files (x86)\Windows Kits\10\Include\10.0.18362.0\ucrt\stdio.h(965,37): warning C4514: '_printf_s_l': unreferenced inline function has been removed
C:\Program Files (x86)\Windows Kits\10\Include\10.0.18362.0\ucrt\stdio.h(985,41): warning C4514: 'printf_s': unreferenced inline function has been removed
C:\Program Files (x86)\Windows Kits\10\Include\10.0.18362.0\ucrt\stdio.h(1004,37): warning C4514: '_printf_p_l': unreferenced inline function has been removed
C:\Program Files (x86)\Windows Kits\10\Include\10.0.18362.0\ucrt\stdio.h(1022,37): warning C4514: '_printf_p': unreferenced inline function has been removed
C:\Program Files (x86)\Windows Kits\10\Include\10.0.18362.0\ucrt\stdio.h(1070,37): warning C4514: 'vfscanf': unreferenced inline function has been removed
C:\Program Files (x86)\Windows Kits\10\Include\10.0.18362.0\ucrt\stdio.h(1104,41): warning C4514: 'vfscanf_s': unreferenced inline function has been removed
C:\Program Files (x86)\Windows Kits\10\Include\10.0.18362.0\ucrt\stdio.h(1120,37): warning C4514: '_vscanf_l': unreferenced inline function has been removed
C:\Program Files (x86)\Windows Kits\10\Include\10.0.18362.0\ucrt\stdio.h(1134,37): warning C4514: 'vscanf': unreferenced inline function has been removed
C:\Program Files (x86)\Windows Kits\10\Include\10.0.18362.0\ucrt\stdio.h(1147,37): warning C4514: '_vscanf_s_l': unreferenced inline function has been removed
C:\Program Files (x86)\Windows Kits\10\Include\10.0.18362.0\ucrt\stdio.h(1163,41): warning C4514: 'vscanf_s': unreferenced inline function has been removed
C:\Program Files (x86)\Windows Kits\10\Include\10.0.18362.0\ucrt\stdio.h(1178,37): warning C4514: '_fscanf_l': unreferenced inline function has been removed
C:\Program Files (x86)\Windows Kits\10\Include\10.0.18362.0\ucrt\stdio.h(1197,37): warning C4514: 'fscanf': unreferenced inline function has been removed
C:\Program Files (x86)\Windows Kits\10\Include\10.0.18362.0\ucrt\stdio.h(1215,37): warning C4514: '_fscanf_s_l': unreferenced inline function has been removed
C:\Program Files (x86)\Windows Kits\10\Include\10.0.18362.0\ucrt\stdio.h(1236,41): warning C4514: 'fscanf_s': unreferenced inline function has been removed
C:\Program Files (x86)\Windows Kits\10\Include\10.0.18362.0\ucrt\stdio.h(1256,37): warning C4514: '_scanf_l': unreferenced inline function has been removed
C:\Program Files (x86)\Windows Kits\10\Include\10.0.18362.0\ucrt\stdio.h(1274,37): warning C4514: 'scanf': unreferenced inline function has been removed
C:\Program Files (x86)\Windows Kits\10\Include\10.0.18362.0\ucrt\stdio.h(1291,37): warning C4514: '_scanf_s_l': unreferenced inline function has been removed
C:\Program Files (x86)\Windows Kits\10\Include\10.0.18362.0\ucrt\stdio.h(1311,41): warning C4514: 'scanf_s': unreferenced inline function has been removed
C:\Program Files (x86)\Windows Kits\10\Include\10.0.18362.0\ucrt\stdio.h(1469,37): warning C4514: 'vsprintf': unreferenced inline function has been removed
C:\Program Files (x86)\Windows Kits\10\Include\10.0.18362.0\ucrt\stdio.h(1510,41): warning C4514: 'vsprintf_s': unreferenced inline function has been removed
C:\Program Files (x86)\Windows Kits\10\Include\10.0.18362.0\ucrt\stdio.h(1557,37): warning C4514: '_vsprintf_p': unreferenced inline function has been removed
C:\Program Files (x86)\Windows Kits\10\Include\10.0.18362.0\ucrt\stdio.h(1595,37): warning C4514: '_vsnprintf_s': unreferenced inline function has been removed
C:\Program Files (x86)\Windows Kits\10\Include\10.0.18362.0\ucrt\stdio.h(1623,41): warning C4514: 'vsnprintf_s': unreferenced inline function has been removed
C:\Program Files (x86)\Windows Kits\10\Include\10.0.18362.0\ucrt\stdio.h(1668,37): warning C4514: '_vscprintf': unreferenced inline function has been removed
C:\Program Files (x86)\Windows Kits\10\Include\10.0.18362.0\ucrt\stdio.h(1733,37): warning C4514: '_vsnprintf_c': unreferenced inline function has been removed
C:\Program Files (x86)\Windows Kits\10\Include\10.0.18362.0\ucrt\stdio.h(1749,37): warning C4514: '_sprintf_l': unreferenced inline function has been removed
C:\Program Files (x86)\Windows Kits\10\Include\10.0.18362.0\ucrt\stdio.h(1774,37): warning C4514: 'sprintf': unreferenced inline function has been removed
C:\Program Files (x86)\Windows Kits\10\Include\10.0.18362.0\ucrt\stdio.h(1810,37): warning C4514: '_sprintf_s_l': unreferenced inline function has been removed
C:\Program Files (x86)\Windows Kits\10\Include\10.0.18362.0\ucrt\stdio.h(1833,41): warning C4710: 'int sprintf_s(char *const ,const size_t,const char *const ,...)': function not inlined
C:\Program Files (x86)\Windows Kits\10\Include\10.0.18362.0\ucrt\stdio.h(1833): message : see declaration of 'sprintf_s'
C:\Program Files (x86)\Windows Kits\10\Include\10.0.18362.0\ucrt\stdio.h(1862,37): warning C4514: '_sprintf_p_l': unreferenced inline function has been removed
C:\Program Files (x86)\Windows Kits\10\Include\10.0.18362.0\ucrt\stdio.h(1883,37): warning C4514: '_sprintf_p': unreferenced inline function has been removed
C:\Program Files (x86)\Windows Kits\10\Include\10.0.18362.0\ucrt\stdio.h(1903,37): warning C4514: '_snprintf_l': unreferenced inline function has been removed
C:\Program Files (x86)\Windows Kits\10\Include\10.0.18362.0\ucrt\stdio.h(1940,37): warning C4514: 'snprintf': unreferenced inline function has been removed
C:\Program Files (x86)\Windows Kits\10\Include\10.0.18362.0\ucrt\stdio.h(1961,37): warning C4514: '_snprintf': unreferenced inline function has been removed
C:\Program Files (x86)\Windows Kits\10\Include\10.0.18362.0\ucrt\stdio.h(1991,37): warning C4514: '_snprintf_c_l': unreferenced inline function has been removed
C:\Program Files (x86)\Windows Kits\10\Include\10.0.18362.0\ucrt\stdio.h(2012,37): warning C4514: '_snprintf_c': unreferenced inline function has been removed
C:\Program Files (x86)\Windows Kits\10\Include\10.0.18362.0\ucrt\stdio.h(2032,37): warning C4514: '_snprintf_s_l': unreferenced inline function has been removed
C:\Program Files (x86)\Windows Kits\10\Include\10.0.18362.0\ucrt\stdio.h(2054,37): warning C4514: '_snprintf_s': unreferenced inline function has been removed
C:\Program Files (x86)\Windows Kits\10\Include\10.0.18362.0\ucrt\stdio.h(2082,37): warning C4514: '_scprintf_l': unreferenced inline function has been removed
C:\Program Files (x86)\Windows Kits\10\Include\10.0.18362.0\ucrt\stdio.h(2100,37): warning C4710: 'int _scprintf(const char *const ,...)': function not inlined
C:\Program Files (x86)\Windows Kits\10\Include\10.0.18362.0\ucrt\stdio.h(2100): message : see declaration of '_scprintf'
C:\Program Files (x86)\Windows Kits\10\Include\10.0.18362.0\ucrt\stdio.h(2117,37): warning C4514: '_scprintf_p_l': unreferenced inline function has been removed
C:\Program Files (x86)\Windows Kits\10\Include\10.0.18362.0\ucrt\stdio.h(2135,37): warning C4514: '_scprintf_p': unreferenced inline function has been removed
C:\Program Files (x86)\Windows Kits\10\Include\10.0.18362.0\ucrt\stdio.h(2183,37): warning C4514: 'vsscanf': unreferenced inline function has been removed
C:\Program Files (x86)\Windows Kits\10\Include\10.0.18362.0\ucrt\stdio.h(2244,37): warning C4514: '_sscanf_l': unreferenced inline function has been removed
C:\Program Files (x86)\Windows Kits\10\Include\10.0.18362.0\ucrt\stdio.h(2263,37): warning C4514: 'sscanf': unreferenced inline function has been removed
C:\Program Files (x86)\Windows Kits\10\Include\10.0.18362.0\ucrt\stdio.h(2281,37): warning C4514: '_sscanf_s_l': unreferenced inline function has been removed
C:\Program Files (x86)\Windows Kits\10\Include\10.0.18362.0\ucrt\stdio.h(2302,41): warning C4514: 'sscanf_s': unreferenced inline function has been removed
C:\Program Files (x86)\Windows Kits\10\Include\10.0.18362.0\ucrt\stdio.h(2330,37): warning C4514: '_snscanf_l': unreferenced inline function has been removed
C:\Program Files (x86)\Windows Kits\10\Include\10.0.18362.0\ucrt\stdio.h(2354,37): warning C4514: '_snscanf': unreferenced inline function has been removed
C:\Program Files (x86)\Windows Kits\10\Include\10.0.18362.0\ucrt\stdio.h(2378,37): warning C4514: '_snscanf_s_l': unreferenced inline function has been removed
C:\Program Files (x86)\Windows Kits\10\Include\10.0.18362.0\ucrt\stdio.h(2402,37): warning C4514: '_snscanf_s': unreferenced inline function has been removed
C:\Program Files (x86)\Windows Kits\10\Include\10.0.18362.0\ucrt\corecrt_wconio.h(100,37): warning C4514: '_vcwprintf': unreferenced inline function has been removed
C:\Program Files (x86)\Windows Kits\10\Include\10.0.18362.0\ucrt\corecrt_wconio.h(127,37): warning C4514: '_vcwprintf_s': unreferenced inline function has been removed
C:\Program Files (x86)\Windows Kits\10\Include\10.0.18362.0\ucrt\corecrt_wconio.h(154,37): warning C4514: '_vcwprintf_p': unreferenced inline function has been removed
C:\Program Files (x86)\Windows Kits\10\Include\10.0.18362.0\ucrt\corecrt_wconio.h(167,37): warning C4514: '_cwprintf_l': unreferenced inline function has been removed
C:\Program Files (x86)\Windows Kits\10\Include\10.0.18362.0\ucrt\corecrt_wconio.h(185,37): warning C4514: '_cwprintf': unreferenced inline function has been removed
C:\Program Files (x86)\Windows Kits\10\Include\10.0.18362.0\ucrt\corecrt_wconio.h(202,37): warning C4514: '_cwprintf_s_l': unreferenced inline function has been removed
C:\Program Files (x86)\Windows Kits\10\Include\10.0.18362.0\ucrt\corecrt_wconio.h(220,37): warning C4514: '_cwprintf_s': unreferenced inline function has been removed
C:\Program Files (x86)\Windows Kits\10\Include\10.0.18362.0\ucrt\corecrt_wconio.h(237,37): warning C4514: '_cwprintf_p_l': unreferenced inline function has been removed
C:\Program Files (x86)\Windows Kits\10\Include\10.0.18362.0\ucrt\corecrt_wconio.h(255,37): warning C4514: '_cwprintf_p': unreferenced inline function has been removed
C:\Program Files (x86)\Windows Kits\10\Include\10.0.18362.0\ucrt\corecrt_wconio.h(303,37): warning C4514: '_vcwscanf': unreferenced inline function has been removed
C:\Program Files (x86)\Windows Kits\10\Include\10.0.18362.0\ucrt\corecrt_wconio.h(335,37): warning C4514: '_vcwscanf_s': unreferenced inline function has been removed
C:\Program Files (x86)\Windows Kits\10\Include\10.0.18362.0\ucrt\corecrt_wconio.h(348,37): warning C4514: '_cwscanf_l': unreferenced inline function has been removed
C:\Program Files (x86)\Windows Kits\10\Include\10.0.18362.0\ucrt\corecrt_wconio.h(371,37): warning C4514: '_cwscanf': unreferenced inline function has been removed
C:\Program Files (x86)\Windows Kits\10\Include\10.0.18362.0\ucrt\corecrt_wconio.h(393,37): warning C4514: '_cwscanf_s_l': unreferenced inline function has been removed
C:\Program Files (x86)\Windows Kits\10\Include\10.0.18362.0\ucrt\corecrt_wconio.h(411,37): warning C4514: '_cwscanf_s': unreferenced inline function has been removed
C:\Program Files (x86)\Windows Kits\10\Include\10.0.18362.0\ucrt\corecrt_wio.h(225,26): warning C4514: '_wopen': unreferenced inline function has been removed
C:\Program Files (x86)\Windows Kits\10\Include\10.0.18362.0\ucrt\corecrt_wio.h(238,26): warning C4514: '_wsopen': unreferenced inline function has been removed
C:\Program Files (x86)\Windows Kits\10\Include\10.0.18362.0\ucrt\corecrt_wtime.h(185,45): warning C4514: '_wctime': unreferenced inline function has been removed
C:\Program Files (x86)\Windows Kits\10\Include\10.0.18362.0\ucrt\corecrt_wtime.h(192,43): warning C4514: '_wctime_s': unreferenced inline function has been removed
C:\Program Files (x86)\Windows Kits\10\Include\10.0.18362.0\ucrt\sys\stat.h(234,39): warning C4514: 'fstat': unreferenced inline function has been removed
C:\Program Files (x86)\Windows Kits\10\Include\10.0.18362.0\ucrt\sys\stat.h(239,39): warning C4514: 'stat': unreferenced inline function has been removed
C:\Program Files (x86)\Windows Kits\10\Include\10.0.18362.0\ucrt\wchar.h(180,28): warning C4514: 'fwide': unreferenced inline function has been removed
C:\Program Files (x86)\Windows Kits\10\Include\10.0.18362.0\ucrt\wchar.h(189,28): warning C4514: 'mbsinit': unreferenced inline function has been removed
C:\Program Files (x86)\Windows Kits\10\Include\10.0.18362.0\ucrt\wchar.h(209,28): warning C4514: 'wmemcmp': unreferenced inline function has been removed
C:\Program Files (x86)\Windows Kits\10\Include\10.0.18362.0\ucrt\wchar.h(238,24): warning C4514: 'wmemmove': unreferenced inline function has been removed
C:\Program Files (x86)\Windows Kits\10\Include\10.0.18362.0\ucrt\wchar.h(268,48): warning C4514: 'wmemchr': unreferenced inline function has been removed
C:\Program Files (x86)\Windows Kits\10\Include\10.0.18362.0\ucrt\time.h(476,41): warning C4514: 'ctime': unreferenced inline function has been removed
C:\Program Files (x86)\Windows Kits\10\Include\10.0.18362.0\ucrt\time.h(487,42): warning C4514: 'difftime': unreferenced inline function has been removed
C:\Program Files (x86)\Windows Kits\10\Include\10.0.18362.0\ucrt\time.h(496,46): warning C4514: 'gmtime': unreferenced inline function has been removed
C:\Program Files (x86)\Windows Kits\10\Include\10.0.18362.0\ucrt\time.h(506,46): warning C4514: 'localtime': unreferenced inline function has been removed
C:\Program Files (x86)\Windows Kits\10\Include\10.0.18362.0\ucrt\time.h(517,42): warning C4514: '_mkgmtime': unreferenced inline function has been removed
C:\Program Files (x86)\Windows Kits\10\Include\10.0.18362.0\ucrt\time.h(525,42): warning C4514: 'mktime': unreferenced inline function has been removed
C:\Program Files (x86)\Windows Kits\10\Include\10.0.18362.0\ucrt\time.h(532,42): warning C4514: 'time': unreferenced inline function has been removed
C:\Program Files (x86)\Windows Kits\10\Include\10.0.18362.0\ucrt\time.h(540,39): warning C4514: 'timespec_get': unreferenced inline function has been removed
C:\Program Files (x86)\Windows Kits\10\Include\10.0.18362.0\ucrt\time.h(550,47): warning C4514: 'ctime_s': unreferenced inline function has been removed
C:\Program Files (x86)\Windows Kits\10\Include\10.0.18362.0\ucrt\time.h(560,47): warning C4514: 'gmtime_s': unreferenced inline function has been removed
C:\Program Files (x86)\Windows Kits\10\Include\10.0.18362.0\ucrt\time.h(569,47): warning C4514: 'localtime_s': unreferenced inline function has been removed
C:\Program Files (x86)\Windows Kits\10\Include\10.0.18362.0\ucrt\ctype.h(165,37): warning C4514: '__ascii_iswalpha': unreferenced inline function has been removed
C:\Program Files (x86)\Windows Kits\10\Include\10.0.18362.0\ucrt\ctype.h(170,37): warning C4514: '__ascii_iswdigit': unreferenced inline function has been removed
C:\Program Files (x86)\Windows Kits\10\Include\10.0.18362.0\ucrt\ctype.h(175,37): warning C4514: '__ascii_towlower': unreferenced inline function has been removed
C:\Program Files (x86)\Windows Kits\10\Include\10.0.18362.0\ucrt\ctype.h(180,37): warning C4514: '__ascii_towupper': unreferenced inline function has been removed
C:\Program Files (x86)\Windows Kits\10\Include\10.0.18362.0\ucrt\ctype.h(234,28): warning C4514: '_ischartype_l': unreferenced inline function has been removed
C:\Program Files (x86)\Windows Kits\10\Include\10.0.18362.0\ucrt\conio.h(87,37): warning C4514: '_vcprintf': unreferenced inline function has been removed
C:\Program Files (x86)\Windows Kits\10\Include\10.0.18362.0\ucrt\conio.h(116,37): warning C4514: '_vcprintf_s': unreferenced inline function has been removed
C:\Program Files (x86)\Windows Kits\10\Include\10.0.18362.0\ucrt\conio.h(145,37): warning C4514: '_vcprintf_p': unreferenced inline function has been removed
C:\Program Files (x86)\Windows Kits\10\Include\10.0.18362.0\ucrt\conio.h(158,37): warning C4514: '_cprintf_l': unreferenced inline function has been removed
C:\Program Files (x86)\Windows Kits\10\Include\10.0.18362.0\ucrt\conio.h(176,37): warning C4514: '_cprintf': unreferenced inline function has been removed
C:\Program Files (x86)\Windows Kits\10\Include\10.0.18362.0\ucrt\conio.h(193,37): warning C4514: '_cprintf_s_l': unreferenced inline function has been removed
C:\Program Files (x86)\Windows Kits\10\Include\10.0.18362.0\ucrt\conio.h(211,37): warning C4514: '_cprintf_s': unreferenced inline function has been removed
C:\Program Files (x86)\Windows Kits\10\Include\10.0.18362.0\ucrt\conio.h(228,37): warning C4514: '_cprintf_p_l': unreferenced inline function has been removed
C:\Program Files (x86)\Windows Kits\10\Include\10.0.18362.0\ucrt\conio.h(246,37): warning C4514: '_cprintf_p': unreferenced inline function has been removed
C:\Program Files (x86)\Windows Kits\10\Include\10.0.18362.0\ucrt\conio.h(293,37): warning C4514: '_vcscanf': unreferenced inline function has been removed
C:\Program Files (x86)\Windows Kits\10\Include\10.0.18362.0\ucrt\conio.h(325,37): warning C4514: '_vcscanf_s': unreferenced inline function has been removed
C:\Program Files (x86)\Windows Kits\10\Include\10.0.18362.0\ucrt\conio.h(338,37): warning C4514: '_cscanf_l': unreferenced inline function has been removed
C:\Program Files (x86)\Windows Kits\10\Include\10.0.18362.0\ucrt\conio.h(361,37): warning C4514: '_cscanf': unreferenced inline function has been removed
C:\Program Files (x86)\Windows Kits\10\Include\10.0.18362.0\ucrt\conio.h(383,37): warning C4514: '_cscanf_s_l': unreferenced inline function has been removed
C:\Program Files (x86)\Windows Kits\10\Include\10.0.18362.0\ucrt\conio.h(401,37): warning C4514: '_cscanf_s': unreferenced inline function has been removed
C:\Program Files (x86)\Windows Kits\10\Include\10.0.18362.0\ucrt\conio.h(472,41): warning C4514: 'cprintf': unreferenced inline function has been removed
C:\Program Files (x86)\Windows Kits\10\Include\10.0.18362.0\ucrt\conio.h(489,41): warning C4514: 'cscanf': unreferenced inline function has been removed
D:\FTMK\SEM 3\BITU2913 WORKSHOP I\connector8.0\include\jdbc\cppconn\sqlstring.h(64,5): warning C4514: 'sql::SQLString::SQLString': unreferenced inline function has been removed
D:\FTMK\SEM 3\BITU2913 WORKSHOP I\connector8.0\include\jdbc\cppconn\sqlstring.h(72,5): warning C4514: 'sql::SQLString::SQLString': unreferenced inline function has been removed
D:\FTMK\SEM 3\BITU2913 WORKSHOP I\connector8.0\include\jdbc\cppconn\sqlstring.h(75,23): warning C4514: 'sql::SQLString::operator =': unreferenced inline function has been removed
D:\FTMK\SEM 3\BITU2913 WORKSHOP I\connector8.0\include\jdbc\cppconn\sqlstring.h(81,23): warning C4514: 'sql::SQLString::operator =': unreferenced inline function has been removed
D:\FTMK\SEM 3\BITU2913 WORKSHOP I\connector8.0\include\jdbc\cppconn\sqlstring.h(87,23): warning C4514: 'sql::SQLString::operator =': unreferenced inline function has been removed
D:\FTMK\SEM 3\BITU2913 WORKSHOP I\connector8.0\include\jdbc\cppconn\sqlstring.h(101,19): warning C4514: 'sql::SQLString::operator ->': unreferenced inline function has been removed
D:\FTMK\SEM 3\BITU2913 WORKSHOP I\connector8.0\include\jdbc\cppconn\sqlstring.h(106,9): warning C4514: 'sql::SQLString::compare': unreferenced inline function has been removed
D:\FTMK\SEM 3\BITU2913 WORKSHOP I\connector8.0\include\jdbc\cppconn\sqlstring.h(111,9): warning C4514: 'sql::SQLString::compare': unreferenced inline function has been removed
D:\FTMK\SEM 3\BITU2913 WORKSHOP I\connector8.0\include\jdbc\cppconn\sqlstring.h(116,9): warning C4514: 'sql::SQLString::compare': unreferenced inline function has been removed
D:\FTMK\SEM 3\BITU2913 WORKSHOP I\connector8.0\include\jdbc\cppconn\sqlstring.h(121,9): warning C4514: 'sql::SQLString::caseCompare': unreferenced inline function has been removed
D:\FTMK\SEM 3\BITU2913 WORKSHOP I\connector8.0\include\jdbc\cppconn\sqlstring.h(129,9): warning C4514: 'sql::SQLString::caseCompare': unreferenced inline function has been removed
D:\FTMK\SEM 3\BITU2913 WORKSHOP I\connector8.0\include\jdbc\cppconn\sqlstring.h(137,9): warning C4514: 'sql::SQLString::caseCompare': unreferenced inline function has been removed
D:\FTMK\SEM 3\BITU2913 WORKSHOP I\connector8.0\include\jdbc\cppconn\sqlstring.h(150,18): warning C4514: 'sql::SQLString::c_str': unreferenced inline function has been removed
D:\FTMK\SEM 3\BITU2913 WORKSHOP I\connector8.0\include\jdbc\cppconn\sqlstring.h(155,12): warning C4514: 'sql::SQLString::length': unreferenced inline function has been removed
D:\FTMK\SEM 3\BITU2913 WORKSHOP I\connector8.0\include\jdbc\cppconn\sqlstring.h(160,17): warning C4514: 'sql::SQLString::append': unreferenced inline function has been removed
D:\FTMK\SEM 3\BITU2913 WORKSHOP I\connector8.0\include\jdbc\cppconn\sqlstring.h(166,17): warning C4514: 'sql::SQLString::append': unreferenced inline function has been removed
D:\FTMK\SEM 3\BITU2913 WORKSHOP I\connector8.0\include\jdbc\cppconn\sqlstring.h(172,17): warning C4514: 'sql::SQLString::operator []': unreferenced inline function has been removed
D:\FTMK\SEM 3\BITU2913 WORKSHOP I\connector8.0\include\jdbc\cppconn\sqlstring.h(177,12): warning C4514: 'sql::SQLString::find': unreferenced inline function has been removed
D:\FTMK\SEM 3\BITU2913 WORKSHOP I\connector8.0\include\jdbc\cppconn\sqlstring.h(182,12): warning C4514: 'sql::SQLString::find': unreferenced inline function has been removed
D:\FTMK\SEM 3\BITU2913 WORKSHOP I\connector8.0\include\jdbc\cppconn\sqlstring.h(187,15): warning C4514: 'sql::SQLString::substr': unreferenced inline function has been removed
D:\FTMK\SEM 3\BITU2913 WORKSHOP I\connector8.0\include\jdbc\cppconn\sqlstring.h(192,22): warning C4514: 'sql::SQLString::replace': unreferenced inline function has been removed
D:\FTMK\SEM 3\BITU2913 WORKSHOP I\connector8.0\include\jdbc\cppconn\sqlstring.h(198,12): warning C4514: 'sql::SQLString::find_first_of': unreferenced inline function has been removed
D:\FTMK\SEM 3\BITU2913 WORKSHOP I\connector8.0\include\jdbc\cppconn\sqlstring.h(203,12): warning C4514: 'sql::SQLString::find_last_of': unreferenced inline function has been removed
D:\FTMK\SEM 3\BITU2913 WORKSHOP I\connector8.0\include\jdbc\cppconn\sqlstring.h(208,23): warning C4514: 'sql::SQLString::operator +=': unreferenced inline function has been removed
D:\FTMK\SEM 3\BITU2913 WORKSHOP I\connector8.0\include\jdbc\cppconn\sqlstring.h(219,24): warning C4514: 'sql::operator +': unreferenced inline function has been removed
D:\FTMK\SEM 3\BITU2913 WORKSHOP I\connector8.0\include\jdbc\cppconn\sqlstring.h(246,20): warning C4514: 'std::operator <<': unreferenced inline function has been removed
D:\FTMK\SEM 3\BITU2913 WORKSHOP I\connector8.0\include\jdbc\cppconn\warning.h(54,3): warning C4514: 'sql::SQLWarning::SQLWarning': unreferenced inline function has been removed
D:\FTMK\SEM 3\BITU2913 WORKSHOP I\connector8.0\include\jdbc\cppconn\warning.h(70,3): warning C4514: 'sql::SQLWarning::SQLWarning': unreferenced inline function has been removed
D:\FTMK\SEM 3\BITU2913 WORKSHOP I\connector8.0\include\jdbc\cppconn\exception.h(90,3): warning C4514: 'sql::SQLException::SQLException': unreferenced inline function has been removed
D:\FTMK\SEM 3\BITU2913 WORKSHOP I\connector8.0\include\jdbc\cppconn\exception.h(92,3): warning C4514: 'sql::SQLException::SQLException': unreferenced inline function has been removed
D:\FTMK\SEM 3\BITU2913 WORKSHOP I\connector8.0\include\jdbc\cppconn\exception.h(94,3): warning C4514: 'sql::SQLException::SQLException': unreferenced inline function has been removed
D:\FTMK\SEM 3\BITU2913 WORKSHOP I\connector8.0\include\jdbc\cppconn\exception.h(96,23): warning C4514: 'sql::SQLException::getSQLState': unreferenced inline function has been removed
D:\FTMK\SEM 3\BITU2913 WORKSHOP I\connector8.0\include\jdbc\cppconn\exception.h(101,16): warning C4514: 'sql::SQLException::getSQLStateCStr': unreferenced inline function has been removed
D:\FTMK\SEM 3\BITU2913 WORKSHOP I\connector8.0\include\jdbc\cppconn\exception.h(107,7): warning C4514: 'sql::SQLException::getErrorCode': unreferenced inline function has been removed
D:\FTMK\SEM 3\BITU2913 WORKSHOP I\connector8.0\include\jdbc\cppconn\exception.h(115,3): warning C4514: 'sql::SQLException::operator new': unreferenced inline function has been removed
D:\FTMK\SEM 3\BITU2913 WORKSHOP I\connector8.0\include\jdbc\cppconn\exception.h(120,3): warning C4514: 'sql::MethodNotImplementedException::MethodNotImplementedException': unreferenced inline function has been removed
D:\FTMK\SEM 3\BITU2913 WORKSHOP I\connector8.0\include\jdbc\cppconn\exception.h(121,3): warning C4514: 'sql::MethodNotImplementedException::MethodNotImplementedException': unreferenced inline function has been removed
D:\FTMK\SEM 3\BITU2913 WORKSHOP I\connector8.0\include\jdbc\cppconn\exception.h(132,3): warning C4514: 'sql::InvalidInstanceException::InvalidInstanceException': unreferenced inline function has been removed
D:\FTMK\SEM 3\BITU2913 WORKSHOP I\connector8.0\include\jdbc\cppconn\exception.h(133,3): warning C4514: 'sql::InvalidInstanceException::InvalidInstanceException': unreferenced inline function has been removed
D:\FTMK\SEM 3\BITU2913 WORKSHOP I\connector8.0\include\jdbc\cppconn\exception.h(139,3): warning C4514: 'sql::NonScrollableException::NonScrollableException': unreferenced inline function has been removed
D:\FTMK\SEM 3\BITU2913 WORKSHOP I\connector8.0\include\jdbc\cppconn\exception.h(140,3): warning C4514: 'sql::NonScrollableException::NonScrollableException': unreferenced inline function has been removed
D:\FTMK\SEM 3\BITU2913 WORKSHOP I\connector8.0\include\jdbc\cppconn\exception.h(145,3): warning C4514: 'sql::SQLUnsupportedOptionException::SQLUnsupportedOptionException': unreferenced inline function has been removed
D:\FTMK\SEM 3\BITU2913 WORKSHOP I\connector8.0\include\jdbc\cppconn\exception.h(150,3): warning C4514: 'sql::SQLUnsupportedOptionException::SQLUnsupportedOptionException': unreferenced inline function has been removed
D:\FTMK\SEM 3\BITU2913 WORKSHOP I\connector8.0\include\jdbc\cppconn\exception.h(155,15): warning C4514: 'sql::SQLUnsupportedOptionException::getConnectionOption': unreferenced inline function has been removed
D:\FTMK\SEM 3\BITU2913 WORKSHOP I\connector8.0\include\jdbc\cppconn\variant.h(261,3): warning C4514: 'sql::Variant::Variant': unreferenced inline function has been removed
D:\FTMK\SEM 3\BITU2913 WORKSHOP I\connector8.0\include\jdbc\cppconn\variant.h(264,3): warning C4514: 'sql::Variant::Variant': unreferenced inline function has been removed
D:\FTMK\SEM 3\BITU2913 WORKSHOP I\connector8.0\include\jdbc\cppconn\variant.h(267,3): warning C4514: 'sql::Variant::Variant': unreferenced inline function has been removed
D:\FTMK\SEM 3\BITU2913 WORKSHOP I\connector8.0\include\jdbc\cppconn\variant.h(270,3): warning C4514: 'sql::Variant::Variant': unreferenced inline function has been removed
D:\FTMK\SEM 3\BITU2913 WORKSHOP I\connector8.0\include\jdbc\cppconn\variant.h(273,3): warning C4514: 'sql::Variant::Variant': unreferenced inline function has been removed
D:\FTMK\SEM 3\BITU2913 WORKSHOP I\connector8.0\include\jdbc\cppconn\variant.h(276,3): warning C4514: 'sql::Variant::Variant': unreferenced inline function has been removed
D:\FTMK\SEM 3\BITU2913 WORKSHOP I\connector8.0\include\jdbc\cppconn\variant.h(279,3): warning C4514: 'sql::Variant::Variant': unreferenced inline function has been removed
D:\FTMK\SEM 3\BITU2913 WORKSHOP I\connector8.0\include\jdbc\cppconn\variant.h(282,3): warning C4514: 'sql::Variant::Variant': unreferenced inline function has been removed
D:\FTMK\SEM 3\BITU2913 WORKSHOP I\connector8.0\include\jdbc\cppconn\variant.h(285,3): warning C4514: 'sql::Variant::Variant': unreferenced inline function has been removed
D:\FTMK\SEM 3\BITU2913 WORKSHOP I\connector8.0\include\jdbc\cppconn\variant.h(288,3): warning C4514: 'sql::Variant::Variant': unreferenced inline function has been removed
D:\FTMK\SEM 3\BITU2913 WORKSHOP I\connector8.0\include\jdbc\cppconn\variant.h(291,4): warning C4514: 'sql::Variant::~Variant': unreferenced inline function has been removed
D:\FTMK\SEM 3\BITU2913 WORKSHOP I\connector8.0\include\jdbc\cppconn\variant.h(298,3): warning C4514: 'sql::Variant::Variant': unreferenced inline function has been removed
D:\FTMK\SEM 3\BITU2913 WORKSHOP I\connector8.0\include\jdbc\cppconn\variant.h(304,12): warning C4514: 'sql::Variant::operator =': unreferenced inline function has been removed
D:\FTMK\SEM 3\BITU2913 WORKSHOP I\connector8.0\include\jdbc\cppconn\connection.h(76,3): warning C4514: 'sql::Savepoint::Savepoint': unreferenced inline function has been removed
D:\FTMK\SEM 3\BITU2913 WORKSHOP I\connector8.0\include\jdbc\cppconn\connection.h(91,3): warning C4514: 'sql::Connection::Connection': unreferenced inline function has been removed
D:\FTMK\SEM 3\BITU2913 WORKSHOP I\connector8.0\include\boost\current_function.hpp(28,13): warning C4514: 'boost::detail::current_function_helper': unreferenced inline function has been removed
D:\FTMK\SEM 3\BITU2913 WORKSHOP I\connector8.0\include\boost\smart_ptr\detail\sp_counted_base_std_atomic.hpp(74,5): warning C4514: 'boost::detail::sp_counted_base::sp_counted_base': unreferenced inline function has been removed
D:\FTMK\SEM 3\BITU2913 WORKSHOP I\connector8.0\include\boost\smart_ptr\detail\shared_count.hpp(129,5): warning C4514: 'boost::detail::shared_count::shared_count': unreferenced inline function has been removed
D:\FTMK\SEM 3\BITU2913 WORKSHOP I\connector8.0\include\boost\smart_ptr\detail\shared_count.hpp(456,20): warning C4514: 'boost::detail::shared_count::operator =': unreferenced inline function has been removed
D:\FTMK\SEM 3\BITU2913 WORKSHOP I\connector8.0\include\boost\smart_ptr\detail\shared_count.hpp(482,10): warning C4514: 'boost::detail::shared_count::unique': unreferenced inline function has been removed
D:\FTMK\SEM 3\BITU2913 WORKSHOP I\connector8.0\include\boost\smart_ptr\detail\shared_count.hpp(487,10): warning C4514: 'boost::detail::shared_count::empty': unreferenced inline function has been removed
D:\FTMK\SEM 3\BITU2913 WORKSHOP I\connector8.0\include\boost\smart_ptr\detail\shared_count.hpp(492,24): warning C4514: 'boost::detail::operator ==': unreferenced inline function has been removed
D:\FTMK\SEM 3\BITU2913 WORKSHOP I\connector8.0\include\boost\smart_ptr\detail\shared_count.hpp(497,24): warning C4514: 'boost::detail::operator <': unreferenced inline function has been removed
D:\FTMK\SEM 3\BITU2913 WORKSHOP I\connector8.0\include\boost\smart_ptr\detail\shared_count.hpp(502,12): warning C4514: 'boost::detail::shared_count::get_deleter': unreferenced inline function has been removed
D:\FTMK\SEM 3\BITU2913 WORKSHOP I\connector8.0\include\boost\smart_ptr\detail\shared_count.hpp(507,12): warning C4514: 'boost::detail::shared_count::get_local_deleter': unreferenced inline function has been removed
D:\FTMK\SEM 3\BITU2913 WORKSHOP I\connector8.0\include\boost\smart_ptr\detail\shared_count.hpp(512,12): warning C4514: 'boost::detail::shared_count::get_untyped_deleter': unreferenced inline function has been removed
D:\FTMK\SEM 3\BITU2913 WORKSHOP I\connector8.0\include\boost\smart_ptr\detail\shared_count.hpp(533,5): warning C4514: 'boost::detail::weak_count::weak_count': unreferenced inline function has been removed
D:\FTMK\SEM 3\BITU2913 WORKSHOP I\connector8.0\include\boost\smart_ptr\detail\shared_count.hpp(540,5): warning C4514: 'boost::detail::weak_count::weak_count': unreferenced inline function has been removed
D:\FTMK\SEM 3\BITU2913 WORKSHOP I\connector8.0\include\boost\smart_ptr\detail\shared_count.hpp(548,5): warning C4514: 'boost::detail::weak_count::weak_count': unreferenced inline function has been removed
D:\FTMK\SEM 3\BITU2913 WORKSHOP I\connector8.0\include\boost\smart_ptr\detail\shared_count.hpp(560,5): warning C4514: 'boost::detail::weak_count::weak_count': unreferenced inline function has been removed
D:\FTMK\SEM 3\BITU2913 WORKSHOP I\connector8.0\include\boost\smart_ptr\detail\shared_count.hpp(570,6): warning C4514: 'boost::detail::weak_count::~weak_count': unreferenced inline function has been removed
D:\FTMK\SEM 3\BITU2913 WORKSHOP I\connector8.0\include\boost\smart_ptr\detail\shared_count.hpp(578,18): warning C4514: 'boost::detail::weak_count::operator =': unreferenced inline function has been removed
D:\FTMK\SEM 3\BITU2913 WORKSHOP I\connector8.0\include\boost\smart_ptr\detail\shared_count.hpp(592,18): warning C4514: 'boost::detail::weak_count::operator =': unreferenced inline function has been removed
D:\FTMK\SEM 3\BITU2913 WORKSHOP I\connector8.0\include\boost\smart_ptr\detail\shared_count.hpp(606,10): warning C4514: 'boost::detail::weak_count::swap': unreferenced inline function has been removed
D:\FTMK\SEM 3\BITU2913 WORKSHOP I\connector8.0\include\boost\smart_ptr\detail\shared_count.hpp(613,10): warning C4514: 'boost::detail::weak_count::use_count': unreferenced inline function has been removed
D:\FTMK\SEM 3\BITU2913 WORKSHOP I\connector8.0\include\boost\smart_ptr\detail\shared_count.hpp(618,10): warning C4514: 'boost::detail::weak_count::empty': unreferenced inline function has been removed
D:\FTMK\SEM 3\BITU2913 WORKSHOP I\connector8.0\include\boost\smart_ptr\detail\shared_count.hpp(623,24): warning C4514: 'boost::detail::operator ==': unreferenced inline function has been removed
D:\FTMK\SEM 3\BITU2913 WORKSHOP I\connector8.0\include\boost\smart_ptr\detail\shared_count.hpp(628,24): warning C4514: 'boost::detail::operator <': unreferenced inline function has been removed
D:\FTMK\SEM 3\BITU2913 WORKSHOP I\connector8.0\include\boost\smart_ptr\detail\shared_count.hpp(634,22): warning C4514: 'boost::detail::shared_count::shared_count': unreferenced inline function has been removed
D:\FTMK\SEM 3\BITU2913 WORKSHOP I\connector8.0\include\boost\smart_ptr\detail\shared_count.hpp(645,22): warning C4514: 'boost::detail::shared_count::shared_count': unreferenced inline function has been removed
D:\FTMK\SEM 3\BITU2913 WORKSHOP I\connector8.0\include\boost\smart_ptr\detail\spinlock_std_atomic.hpp(67,9): warning C4514: 'boost::detail::spinlock::scoped_lock::scoped_lock': unreferenced inline function has been removed
D:\FTMK\SEM 3\BITU2913 WORKSHOP I\connector8.0\include\boost\smart_ptr\detail\spinlock_std_atomic.hpp(72,10): warning C4514: 'boost::detail::spinlock::scoped_lock::~scoped_lock': unreferenced inline function has been removed
D:\FTMK\SEM 3\BITU2913 WORKSHOP I\connector8.0\include\boost\smart_ptr\shared_ptr.hpp(242,13): warning C4514: 'boost::detail::sp_enable_shared_from_this': unreferenced inline function has been removed
D:\FTMK\SEM 3\BITU2913 WORKSHOP I\connector8.0\include\boost\smart_ptr\shared_ptr.hpp(1025,5): warning C4514: 'boost::detail::esft2_deleter_wrapper::esft2_deleter_wrapper': unreferenced inline function has been removed
D:\FTMK\SEM 3\BITU2913 WORKSHOP I\connector8.0\include\boost\smart_ptr\detail\local_counted_base.hpp(49,5): warning C4514: 'boost::detail::local_counted_base::local_counted_base': unreferenced inline function has been removed
D:\FTMK\SEM 3\BITU2913 WORKSHOP I\connector8.0\include\boost\smart_ptr\detail\local_counted_base.hpp(61,10): warning C4514: 'boost::detail::local_counted_base::add_ref': unreferenced inline function has been removed
D:\FTMK\SEM 3\BITU2913 WORKSHOP I\connector8.0\include\boost\smart_ptr\detail\local_counted_base.hpp(76,10): warning C4514: 'boost::detail::local_counted_base::release': unreferenced inline function has been removed
D:\FTMK\SEM 3\BITU2913 WORKSHOP I\connector8.0\include\boost\smart_ptr\detail\local_counted_base.hpp(86,10): warning C4514: 'boost::detail::local_counted_base::local_use_count': unreferenced inline function has been removed
D:\FTMK\SEM 3\BITU2913 WORKSHOP I\connector8.0\include\boost\smart_ptr\detail\local_counted_base.hpp(104,5): warning C4514: 'boost::detail::local_counted_impl::local_counted_impl': unreferenced inline function has been removed
D:\FTMK\SEM 3\BITU2913 WORKSHOP I\connector8.0\include\boost\smart_ptr\detail\local_counted_base.hpp(110,5): warning C4514: 'boost::detail::local_counted_impl::local_counted_impl': unreferenced inline function has been removed
D:\FTMK\SEM 3\BITU2913 WORKSHOP I\connector8.0\include\boost\smart_ptr\detail\local_sp_deleter.hpp(82,15): warning C4514: 'boost::detail::get_local_deleter': unreferenced inline function has been removed
D:\FTMK\SEM 3\BITU2913 WORKSHOP I\connector8.0\include\jdbc\mysql_driver.h(104,30): warning C4514: 'sql::mysql::get_mysql_driver_instance': unreferenced inline function has been removed
  Generating code
C:\Program Files (x86)\Microsoft Visual Studio\2019\Community\VC\Tools\MSVC\14.29.30133\include\xmemory(229): warning C4711: function 'void * __ptr64 __cdecl std::_Allocate_manually_vector_aligned<struct std::_Default_allocate_traits>(unsigned __int64)' selected for automatic inline expansion
C:\Program Files (x86)\Microsoft Visual Studio\2019\Community\VC\Tools\MSVC\14.29.30133\include\xmemory(229): warning C4711: function 'void * __ptr64 __cdecl std::_Allocate_manually_vector_aligned<struct std::_Default_allocate_traits>(unsigned __int64)' selected for automatic inline expansion
C:\Program Files (x86)\Microsoft Visual Studio\2019\Community\VC\Tools\MSVC\14.29.30133\include\xmemory(229): warning C4711: function 'void * __ptr64 __cdecl std::_Allocate_manually_vector_aligned<struct std::_Default_allocate_traits>(unsigned __int64)' selected for automatic inline expansion
C:\Program Files (x86)\Microsoft Visual Studio\2019\Community\VC\Tools\MSVC\14.29.30133\include\xcharconv_ryu.h(782): warning C4710: 'void __cdecl std::__append_d_digits(unsigned int,unsigned int,char * __ptr64 const)': function not inlined
C:\Program Files (x86)\Microsoft Visual Studio\2019\Community\VC\Tools\MSVC\14.29.30133\include\xcharconv_ryu.h(825): warning C4710: 'void __cdecl std::__append_d_digits(unsigned int,unsigned int,char * __ptr64 const)': function not inlined
C:\Program Files (x86)\Microsoft Visual Studio\2019\Community\VC\Tools\MSVC\14.29.30133\include\xcharconv_ryu.h(882): warning C4710: 'void __cdecl std::__append_d_digits(unsigned int,unsigned int,char * __ptr64 const)': function not inlined
C:\Program Files (x86)\Microsoft Visual Studio\2019\Community\VC\Tools\MSVC\14.29.30133\include\xcharconv_ryu.h(2390): warning C4710: 'struct std::to_chars_result __cdecl std::__d2exp_buffered_n(char * __ptr64,char * __ptr64 const,double,unsigned int)': function not inlined
C:\Program Files (x86)\Microsoft Visual Studio\2019\Community\VC\Tools\MSVC\14.29.30133\include\xcharconv_ryu.h(2390): warning C4710: 'struct std::to_chars_result __cdecl std::__d2exp_buffered_n(char * __ptr64,char * __ptr64 const,double,unsigned int)': function not inlined
C:\Program Files (x86)\Microsoft Visual Studio\2019\Community\VC\Tools\MSVC\14.29.30133\include\charconv(2889): warning C4711: function 'struct std::to_chars_result __cdecl std::_Floating_to_chars_fixed_precision<double>(char * __ptr64 const,char * __ptr64 const,double,int)' selected for automatic inline expansion
C:\Program Files (x86)\Microsoft Visual Studio\2019\Community\VC\Tools\MSVC\14.29.30133\include\charconv(2895): warning C4711: function 'struct std::to_chars_result __cdecl std::_Floating_to_chars_scientific_precision<double>(char * __ptr64 const,char * __ptr64 const,double,int)' selected for automatic inline expansion
C:\Program Files (x86)\Microsoft Visual Studio\2019\Community\VC\Tools\MSVC\14.29.30133\include\charconv(2889): warning C4711: function 'struct std::to_chars_result __cdecl std::_Floating_to_chars_fixed_precision<float>(char * __ptr64 const,char * __ptr64 const,float,int)' selected for automatic inline expansion
C:\Program Files (x86)\Microsoft Visual Studio\2019\Community\VC\Tools\MSVC\14.29.30133\include\charconv(2895): warning C4711: function 'struct std::to_chars_result __cdecl std::_Floating_to_chars_scientific_precision<float>(char * __ptr64 const,char * __ptr64 const,float,int)' selected for automatic inline expansion
C:\Program Files (x86)\Microsoft Visual Studio\2019\Community\VC\Tools\MSVC\14.29.30133\include\charconv(3011): warning C4711: function 'struct std::to_chars_result __cdecl std::_Floating_to_chars_scientific_precision<double>(char * __ptr64 const,char * __ptr64 const,double,int)' selected for automatic inline expansion
C:\Program Files (x86)\Microsoft Visual Studio\2019\Community\VC\Tools\MSVC\14.29.30133\include\charconv(3013): warning C4711: function 'struct std::to_chars_result __cdecl std::_Floating_to_chars_fixed_precision<double>(char * __ptr64 const,char * __ptr64 const,double,int)' selected for automatic inline expansion
C:\Program Files (x86)\Microsoft Visual Studio\2019\Community\VC\Tools\MSVC\14.29.30133\include\charconv(3015): warning C4710: 'struct std::to_chars_result __cdecl std::_Floating_to_chars_general_precision<double>(char * __ptr64,char * __ptr64 const,double,int)': function not inlined
C:\Program Files (x86)\Microsoft Visual Studio\2019\Community\VC\Tools\MSVC\14.29.30133\include\charconv(3011): warning C4711: function 'struct std::to_chars_result __cdecl std::_Floating_to_chars_scientific_precision<float>(char * __ptr64 const,char * __ptr64 const,float,int)' selected for automatic inline expansion
C:\Program Files (x86)\Microsoft Visual Studio\2019\Community\VC\Tools\MSVC\14.29.30133\include\charconv(3013): warning C4711: function 'struct std::to_chars_result __cdecl std::_Floating_to_chars_fixed_precision<float>(char * __ptr64 const,char * __ptr64 const,float,int)' selected for automatic inline expansion
C:\Program Files (x86)\Microsoft Visual Studio\2019\Community\VC\Tools\MSVC\14.29.30133\include\charconv(3015): warning C4710: 'struct std::to_chars_result __cdecl std::_Floating_to_chars_general_precision<float>(char * __ptr64,char * __ptr64 const,float,int)': function not inlined
C:\Program Files (x86)\Microsoft Visual Studio\2019\Community\VC\Tools\MSVC\14.29.30133\include\xmemory(229): warning C4711: function 'void * __ptr64 __cdecl std::_Allocate_manually_vector_aligned<struct std::_Default_allocate_traits>(unsigned __int64)' selected for automatic inline expansion
C:\Program Files (x86)\Microsoft Visual Studio\2019\Community\VC\Tools\MSVC\14.29.30133\include\format(1697): warning C4711: function 'decltype(auto) __cdecl std::visit_format_arg<class `unsigned __int64 __cdecl std::basic_format_args<class std::basic_format_context<class std::back_insert_iterator<class std::_Fmt_buffer<char> >,char> >::_Estimate_required_capacity(void)const __ptr64'::`2'::<lambda_1> const & __ptr64,class std::basic_format_context<class std::back_insert_iterator<class std::_Fmt_buffer<char> >,char> >(class `unsigned __int64 __cdecl std::basic_format_args<class std::basic_format_context<class std::back_insert_iterator<class std::_Fmt_buffer<char> >,char> >::_Estimate_required_capacity(void)const __ptr64'::`2'::<lambda_1> const & __ptr64,class std::basic_format_arg<class std::basic_format_context<class std::back_insert_iterator<class std::_Fmt_buffer<char> >,char> >)' selected for automatic inline expansion
C:\Program Files (x86)\Microsoft Visual Studio\2019\Community\VC\Tools\MSVC\14.29.30133\include\format(3100): warning C4711: function 'class std::back_insert_iterator<class std::basic_string<char,struct std::char_traits<char>,class std::allocator<char> > > __cdecl std::vformat_to<class std::back_insert_iterator<class std::basic_string<char,struct std::char_traits<char>,class std::allocator<char> > > >(class std::back_insert_iterator<class std::basic_string<char,struct std::char_traits<char>,class std::allocator<char> > >,class std::basic_string_view<char,struct std::char_traits<char> >,class std::basic_format_args<class std::basic_format_context<class std::back_insert_iterator<class std::_Fmt_buffer<char> >,char> >)' selected for automatic inline expansion
C:\Program Files (x86)\Microsoft Visual Studio\2019\Community\VC\Tools\MSVC\14.29.30133\include\format(3132): warning C4711: function 'auto __cdecl std::make_format_args<class std::basic_format_context<class std::back_insert_iterator<class std::_Fmt_buffer<char> >,char>,char const (& __ptr64)[6],char const (& __ptr64)[7]>(char const (& __ptr64)[6],char const (& __ptr64)[7])' selected for automatic inline expansion
C:\Program Files (x86)\Microsoft Visual Studio\2019\Community\VC\Tools\MSVC\14.29.30133\include\format(3132): warning C4710: 'class std::basic_string<char,struct std::char_traits<char>,class std::allocator<char> > __cdecl std::vformat(class std::basic_string_view<char,struct std::char_traits<char> >,class std::basic_format_args<class std::basic_format_context<class std::back_insert_iterator<class std::_Fmt_buffer<char> >,char> >)': function not inlined
C:\Program Files (x86)\Microsoft Visual Studio\2019\Community\VC\Tools\MSVC\14.29.30133\include\xmemory(229): warning C4711: function 'void * __ptr64 __cdecl std::_Allocate_manually_vector_aligned<struct std::_Default_allocate_traits>(unsigned __int64)' selected for automatic inline expansion
C:\Program Files (x86)\Microsoft Visual Studio\2019\Community\VC\Tools\MSVC\14.29.30133\include\format(3132): warning C4711: function 'auto __cdecl std::make_format_args<class std::basic_format_context<class std::back_insert_iterator<class std::_Fmt_buffer<char> >,char>,char const (& __ptr64)[6],char const (& __ptr64)[7]>(char const (& __ptr64)[6],char const (& __ptr64)[7])' selected for automatic inline expansion
D:\FTMK\SEM 3\BITU2913 WORKSHOP I\Bookshop Management System\BookshopMain.cpp(16): warning C4711: function 'class std::basic_string<char,struct std::char_traits<char>,class std::allocator<char> > __cdecl std::format<char const (& __ptr64)[6],char const (& __ptr64)[7]>(struct std::_Basic_format_string<char,char const (& __ptr64)[6],char const (& __ptr64)[7]>,char const (& __ptr64)[6],char const (& __ptr64)[7])' selected for automatic inline expansion
C:\Program Files (x86)\Microsoft Visual Studio\2019\Community\VC\Tools\MSVC\14.29.30133\include\xstring(4947): warning C4711: function 'class std::basic_ostream<char,struct std::char_traits<char> > & __ptr64 __cdecl std::operator<<<char,struct std::char_traits<char>,class std::allocator<char> >(class std::basic_ostream<char,struct std::char_traits<char> > & __ptr64,class std::basic_string<char,struct std::char_traits<char>,class std::allocator<char> > const & __ptr64)' selected for automatic inline expansion
  6 of 741 functions ( 0.8%) were compiled, the rest were copied from previous compilation.
    0 functions were new in current compilation
    7 functions had inline decision re-evaluated but remain unchanged
  Finished generating code
  Bookshop Management System.vcxproj -> D:\FTMK\SEM 3\BITU2913 WORKSHOP I\Bookshop Management System\x64\Release\Bookshop Management System.exe
