d:\ftmk\sem 3\bitu2913 workshop i\bookshop management system\x64\release\bookshop management system.ipdb
d:\ftmk\sem 3\bitu2913 workshop i\bookshop management system\x64\release\bookshop management system.iobj
d:\ftmk\sem 3\bitu2913 workshop i\bookshop management system\x64\release\vc142.pdb
d:\ftmk\sem 3\bitu2913 workshop i\bookshop management system\x64\release\member.obj
d:\ftmk\sem 3\bitu2913 workshop i\bookshop management system\x64\release\expense.obj
d:\ftmk\sem 3\bitu2913 workshop i\bookshop management system\x64\release\employee.obj
d:\ftmk\sem 3\bitu2913 workshop i\bookshop management system\x64\release\databaseconnection.obj
d:\ftmk\sem 3\bitu2913 workshop i\bookshop management system\x64\release\bookshopui.obj
d:\ftmk\sem 3\bitu2913 workshop i\bookshop management system\x64\release\bookshopmain.obj
d:\ftmk\sem 3\bitu2913 workshop i\bookshop management system\x64\release\bookshop.obj
d:\ftmk\sem 3\bitu2913 workshop i\bookshop management system\x64\release\book.obj
d:\ftmk\sem 3\bitu2913 workshop i\bookshop management system\x64\release\order.obj
d:\ftmk\sem 3\bitu2913 workshop i\bookshop management system\x64\release\bookshop management system.exe
d:\ftmk\sem 3\bitu2913 workshop i\bookshop management system\x64\release\bookshop management system.pdb
d:\ftmk\sem 3\bitu2913 workshop i\bookshop management system\x64\release\bookshop.50f03131.tlog\bookshop management system.write.1u.tlog
d:\ftmk\sem 3\bitu2913 workshop i\bookshop management system\x64\release\bookshop.50f03131.tlog\cl.command.1.tlog
d:\ftmk\sem 3\bitu2913 workshop i\bookshop management system\x64\release\bookshop.50f03131.tlog\cl.read.1.tlog
d:\ftmk\sem 3\bitu2913 workshop i\bookshop management system\x64\release\bookshop.50f03131.tlog\cl.write.1.tlog
d:\ftmk\sem 3\bitu2913 workshop i\bookshop management system\x64\release\bookshop.50f03131.tlog\link.command.1.tlog
d:\ftmk\sem 3\bitu2913 workshop i\bookshop management system\x64\release\bookshop.50f03131.tlog\link.read.1.tlog
d:\ftmk\sem 3\bitu2913 workshop i\bookshop management system\x64\release\bookshop.50f03131.tlog\link.write.1.tlog
